#
# There is insufficient memory for the Java Runtime Environment to continue.
# Native memory allocation (mmap) failed to map 65536 bytes. Error detail: Failed to commit metaspace.
# Possible reasons:
#   The system is out of physical RAM or swap space
#   This process is running with CompressedOops enabled, and the Java Heap may be blocking the growth of the native heap
# Possible solutions:
#   Reduce memory load on the system
#   Increase physical memory or swap space
#   Check if swap backing store is full
#   Decrease Java heap size (-Xmx/-Xms)
#   Decrease number of Java threads
#   Decrease Java thread stack sizes (-Xss)
#   Set larger code cache with -XX:ReservedCodeCacheSize=
#   JVM is running with Unscaled Compressed Oops mode in which the Java heap is
#     placed in the first 4GB address space. The Java Heap base address is the
#     maximum limit for the native heap growth. Please use -XX:HeapBaseMinAddress
#     to set the Java Heap base and to place the Java Heap above 4GB virtual address.
# This output file may be truncated or incomplete.
#
#  Out of Memory Error (virtualSpaceNode.cpp:112), pid=43172, tid=41412
#
# JRE version: Java(TM) SE Runtime Environment (22.0.2+9) (build 22.0.2+9-70)
# Java VM: Java HotSpot(TM) 64-Bit Server VM (22.0.2+9-70, mixed mode, sharing, tiered, compressed oops, compressed class ptrs, g1 gc, windows-amd64)
# No core dump will be written. Minidumps are not enabled by default on client versions of Windows
#

---------------  S U M M A R Y ------------

Command Line: -Dfile.encoding=UTF-8 --module-path=C:\Users\shashi prakash tiwar\OneDrive\Documents\NetBeansProjects\Hospital Management\build\classes updatePatientRecord

Host: AMD Ryzen 5 5600H with Radeon Graphics         , 12 cores, 7G,  Windows 11 , 64 bit Build 22621 (10.0.22621.3958)
Time: Wed Sep  4 11:33:22 2024 India Standard Time elapsed time: 0.467204 seconds (0d 0h 0m 0s)

---------------  T H R E A D  ---------------

Current thread (0x000001aa203f9c70):  JavaThread "AWT-EventQueue-0"        [_thread_in_vm, id=41412, stack(0x0000003e73100000,0x0000003e73200000) (1024K)]

Stack: [0x0000003e73100000,0x0000003e73200000]
Native frames: (J=compiled Java code, j=interpreted, Vv=VM code, C=native code)
V  [jvm.dll+0x6e26e9]  (no source info available)
V  [jvm.dll+0x875753]  (no source info available)
V  [jvm.dll+0x877b7e]  (no source info available)
V  [jvm.dll+0x878253]  (no source info available)
V  [jvm.dll+0x27fc86]  (no source info available)
V  [jvm.dll+0x87139e]  (no source info available)
V  [jvm.dll+0x685755]  (no source info available)
V  [jvm.dll+0x6857ba]  (no source info available)
V  [jvm.dll+0x687ffa]  (no source info available)
V  [jvm.dll+0x224f6c]  (no source info available)
V  [jvm.dll+0x68616e]  (no source info available)
V  [jvm.dll+0x26b0a0]  (no source info available)
V  [jvm.dll+0x215bb7]  (no source info available)
V  [jvm.dll+0x20b3ae]  (no source info available)
V  [jvm.dll+0x5c4a8f]  (no source info available)
V  [jvm.dll+0x21cb2a]  (no source info available)
V  [jvm.dll+0x7ebe8c]  (no source info available)
V  [jvm.dll+0x7ecf26]  (no source info available)
V  [jvm.dll+0x7ed750]  (no source info available)
V  [jvm.dll+0x21646c]  (no source info available)
V  [jvm.dll+0x20b3c7]  (no source info available)
V  [jvm.dll+0x5c4a8f]  (no source info available)
V  [jvm.dll+0x21cb2a]  (no source info available)
V  [jvm.dll+0x7ebe8c]  (no source info available)
V  [jvm.dll+0x7ecf26]  (no source info available)
V  [jvm.dll+0x7ed534]  (no source info available)
V  [jvm.dll+0x7ed1b8]  (no source info available)
V  [jvm.dll+0x26d6ab]  (no source info available)
V  [jvm.dll+0x26d8da]  (no source info available)
V  [jvm.dll+0x5e8187]  (no source info available)
V  [jvm.dll+0x5eb186]  (no source info available)
V  [jvm.dll+0x3ddbfd]  (no source info available)
V  [jvm.dll+0x3dd1fd]  (no source info available)
C  0x000001a9cdb7993c  (no source info available)

The last pc belongs to invokestatic (printed below).
Java frames: (J=compiled Java code, j=interpreted, Vv=VM code)
j  sun.java2d.windows.GDIWindowSurfaceData.<clinit>()V+72 java.desktop@22.0.2
v  ~StubRoutines::call_stub 0x000001a9cdb6100d
j  sun.java2d.d3d.D3DScreenUpdateManager.createScreenSurface(Lsun/awt/Win32GraphicsConfig;Lsun/awt/windows/WComponentPeer;IZ)Lsun/java2d/SurfaceData;+56 java.desktop@22.0.2
j  sun.awt.windows.WComponentPeer.createScreenSurface(Z)V+21 java.desktop@22.0.2
j  sun.awt.windows.WComponentPeer.<init>(Ljava/awt/Component;)V+79 java.desktop@22.0.2
j  sun.awt.windows.WCanvasPeer.<init>(Ljava/awt/Component;)V+2 java.desktop@22.0.2
j  sun.awt.windows.WPanelPeer.<init>(Ljava/awt/Component;)V+2 java.desktop@22.0.2
j  sun.awt.windows.WWindowPeer.<init>(Ljava/awt/Window;)V+2 java.desktop@22.0.2
j  sun.awt.windows.WFramePeer.<init>(Ljava/awt/Frame;)V+2 java.desktop@22.0.2
j  sun.awt.windows.WToolkit.createFrame(Ljava/awt/Frame;)Ljava/awt/peer/FramePeer;+5 java.desktop@22.0.2
j  java.awt.Frame.addNotify()V+20 java.desktop@22.0.2
j  java.awt.Window.pack()V+28 java.desktop@22.0.2
j  updatePatientRecord.initComponents()V+1404
j  updatePatientRecord.<init>()V+5
j  updatePatientRecord$5.run()V+4
j  java.awt.event.InvocationEvent.dispatch()V+47 java.desktop@22.0.2
j  java.awt.EventQueue.dispatchEventImpl(Ljava/awt/AWTEvent;Ljava/lang/Object;)V+21 java.desktop@22.0.2
j  java.awt.EventQueue$4.run()Ljava/lang/Void;+32 java.desktop@22.0.2
j  java.awt.EventQueue$4.run()Ljava/lang/Object;+1 java.desktop@22.0.2
j  java.security.AccessController.executePrivileged(Ljava/security/PrivilegedAction;Ljava/security/AccessControlContext;Ljava/lang/Class;)Ljava/lang/Object;+29 java.base@22.0.2
j  java.security.AccessController.doPrivileged(Ljava/security/PrivilegedAction;Ljava/security/AccessControlContext;)Ljava/lang/Object;+13 java.base@22.0.2
j  java.security.ProtectionDomain$JavaSecurityAccessImpl.doIntersectionPrivilege(Ljava/security/PrivilegedAction;Ljava/security/AccessControlContext;Ljava/security/AccessControlContext;)Ljava/lang/Object;+18 java.base@22.0.2
j  java.awt.EventQueue.dispatchEvent(Ljava/awt/AWTEvent;)V+46 java.desktop@22.0.2
j  java.awt.EventDispatchThread.pumpOneEventForFilters(I)V+81 java.desktop@22.0.2
j  java.awt.EventDispatchThread.pumpEventsForFilter(ILjava/awt/Conditional;Ljava/awt/EventFilter;)V+35 java.desktop@22.0.2
j  java.awt.EventDispatchThread.pumpEventsForHierarchy(ILjava/awt/Conditional;Ljava/awt/Component;)V+11 java.desktop@22.0.2
j  java.awt.EventDispatchThread.pumpEvents(ILjava/awt/Conditional;)V+4 java.desktop@22.0.2
j  java.awt.EventDispatchThread.pumpEvents(Ljava/awt/Conditional;)V+3 java.desktop@22.0.2
j  java.awt.EventDispatchThread.run()V+9 java.desktop@22.0.2
v  ~StubRoutines::call_stub 0x000001a9cdb6100d
invokestatic  184 invokestatic  [0x000001a9cdb798a0, 0x000001a9cdb79b80]  736 bytes
[MachCode]
  0x000001a9cdb798a0: 4883 ec08 | c5fa 1104 | 24eb 1f48 | 83ec 10c5 | fb11 0424 | eb14 4883 | ec10 4889 | 0424 48c7 
  0x000001a9cdb798c0: 4424 0800 | 0000 00eb | 0150 488b | 4dd0 410f | b755 0148 | 8b49 306b | d218 488d | 4c11 080f 
  0x000001a9cdb798e0: b659 1681 | fbb8 0000 | 000f 84bd | 0000 00bb | b800 0000 | e805 0000 | 00e9 9900 | 0000 488b 
  0x000001a9cdb79900: d348 8d44 | 2408 4c89 | 6dc0 498b | cfc5 f877 | 4989 afb0 | 0300 0049 | 8987 a003 | 0000 4883 
  0x000001a9cdb79920: ec20 40f6 | c40f 0f84 | 1900 0000 | 4883 ec08 | 48b8 90d1 | 1d6c fa7f | 0000 ffd0 | 4883 c408 
  0x000001a9cdb79940: e90c 0000 | 0048 b890 | d11d 6cfa | 7f00 00ff | d048 83c4 | 2049 c787 | a003 0000 | 0000 0000 
  0x000001a9cdb79960: 49c7 87b0 | 0300 0000 | 0000 0049 | c787 a803 | 0000 0000 | 0000 c5f8 | 7749 837f | 0800 0f84 
  0x000001a9cdb79980: 0500 0000 | e977 75fe | ff4c 8b6d | c04c 8b75 | c84e 8d74 | f500 c348 | 8b4d d041 | 0fb7 5501 
  0x000001a9cdb799a0: 488b 4930 | 6bd2 1848 | 8d4c 1108 | 488b 1948 | 8b5b 0848 | 8b5b 0848 | 8b5b 1880 | bb20 0100 
  0x000001a9cdb799c0: 0005 0f84 | 0d00 0000 | 4c3b bb30 | 0100 000f | 851a ffff | ff0f b651 | 1548 8b19 | 4c89 6dc0 
  0x000001a9cdb799e0: 448b ea0f | b651 1449 | ba40 c8a7 | 6cfa 7f00 | 0049 8b14 | d252 418b | d54c 8b6d | c048 8b45 
  0x000001a9cdb79a00: d848 85c0 | 0f84 1200 | 0000 4883 | 4008 0148 | 8358 0800 | 4883 c010 | 4889 45d8 | 488b 45d8 
  0x000001a9cdb79a20: 4885 c00f | 843d 0100 | 0080 78f0 | 0a0f 8533 | 0100 0048 | 83c0 084c | 8b68 f841 | 83ed 0041 
  0x000001a9cdb79a40: 83fd 020f | 8c12 0100 | 004c 8b6b | 0845 0fb7 | 6d2e 4c2b | 2841 83ed | 014e 8b6c | ec08 4d85 
  0x000001a9cdb79a60: ed75 0ef6 | 4008 0175 | 58f0 4883 | 4808 01eb | 5045 8b6d | 0849 ba00 | 0000 dba9 | 0100 004d 
  0x000001a9cdb79a80: 03ea 4d8b | d54c 3368 | 0849 f7c5 | fcff ffff | 742f 41f6 | c502 7529 | 4883 7808 | 0074 1e48 
  0x000001a9cdb79aa0: 8378 0801 | 7417 4d8b | ea4c 3368 | 0849 f7c5 | fcff ffff | 740b 4883 | 4808 02eb | 044c 8968 
  0x000001a9cdb79ac0: 0848 83c0 | 104c 8b68 | e841 83ed | 0241 83fd | 020f 8c84 | 0000 004c | 8b6b 0845 | 0fb7 6d2e 
  0x000001a9cdb79ae0: 4c2b 2841 | 83ed 014e | 8b6c ec08 | 4d85 ed75 | 0ef6 4008 | 0175 58f0 | 4883 4808 | 01eb 5045 
  0x000001a9cdb79b00: 8b6d 0849 | ba00 0000 | dba9 0100 | 004d 03ea | 4d8b d54c | 3368 0849 | f7c5 fcff | ffff 742f 
  0x000001a9cdb79b20: 41f6 c502 | 7529 4883 | 7808 0074 | 1e48 8378 | 0801 7417 | 4d8b ea4c | 3368 0849 | f7c5 fcff 
  0x000001a9cdb79b40: ffff 740b | 4883 4808 | 02eb 044c | 8968 0848 | 83c0 104c | 8b68 d841 | 83ed 0441 | c1e5 0349 
  0x000001a9cdb79b60: 03c5 4889 | 45d8 4c8d | 6c24 0849 | 8bcd 482b | cd48 c1f9 | 0348 894d | f0ff 6350 | 0f1f 4000 
[/MachCode]

---------------  P R O C E S S  ---------------

Threads class SMR info:
_java_thread_list=0x000001aa21c6aa30, length=16, elements={
0x000001a9dacb2f50, 0x000001a9dacb3b10, 0x000001a9dacb76f0, 0x000001a9dacb8150,
0x000001a9dacb8e30, 0x000001a9dacb9890, 0x000001a9dacc8b50, 0x000001a9daccc750,
0x000001aa2010bda0, 0x000001aa201da850, 0x000001aa2033ee80, 0x000001aa20348530,
0x000001aa2034f7e0, 0x000001aa203f9c70, 0x000001a9bc14f650, 0x000001aa21a8d530
}

Java Threads: ( => current thread )
  0x000001a9dacb2f50 JavaThread "Reference Handler"          daemon [_thread_blocked, id=26068, stack(0x0000003e72400000,0x0000003e72500000) (1024K)]
  0x000001a9dacb3b10 JavaThread "Finalizer"                  daemon [_thread_blocked, id=18020, stack(0x0000003e72500000,0x0000003e72600000) (1024K)]
  0x000001a9dacb76f0 JavaThread "Signal Dispatcher"          daemon [_thread_blocked, id=42368, stack(0x0000003e72600000,0x0000003e72700000) (1024K)]
  0x000001a9dacb8150 JavaThread "Attach Listener"            daemon [_thread_blocked, id=39356, stack(0x0000003e72700000,0x0000003e72800000) (1024K)]
  0x000001a9dacb8e30 JavaThread "Service Thread"             daemon [_thread_blocked, id=21300, stack(0x0000003e72800000,0x0000003e72900000) (1024K)]
  0x000001a9dacb9890 JavaThread "Monitor Deflation Thread"   daemon [_thread_blocked, id=34952, stack(0x0000003e72900000,0x0000003e72a00000) (1024K)]
  0x000001a9dacc8b50 JavaThread "C2 CompilerThread0"         daemon [_thread_blocked, id=30988, stack(0x0000003e72a00000,0x0000003e72b00000) (1024K)]
  0x000001a9daccc750 JavaThread "C1 CompilerThread0"         daemon [_thread_blocked, id=43996, stack(0x0000003e72b00000,0x0000003e72c00000) (1024K)]
  0x000001aa2010bda0 JavaThread "Common-Cleaner"             daemon [_thread_blocked, id=43880, stack(0x0000003e72c00000,0x0000003e72d00000) (1024K)]
  0x000001aa201da850 JavaThread "Notification Thread"        daemon [_thread_blocked, id=43448, stack(0x0000003e72d00000,0x0000003e72e00000) (1024K)]
  0x000001aa2033ee80 JavaThread "Java2D Disposer"            daemon [_thread_blocked, id=23692, stack(0x0000003e72e00000,0x0000003e72f00000) (1024K)]
  0x000001aa20348530 JavaThread "AWT-Shutdown"                      [_thread_blocked, id=31844, stack(0x0000003e72f00000,0x0000003e73000000) (1024K)]
  0x000001aa2034f7e0 JavaThread "AWT-Windows"                daemon [_thread_in_native, id=40520, stack(0x0000003e73000000,0x0000003e73100000) (1024K)]
=>0x000001aa203f9c70 JavaThread "AWT-EventQueue-0"                  [_thread_in_vm, id=41412, stack(0x0000003e73100000,0x0000003e73200000) (1024K)]
  0x000001a9bc14f650 JavaThread "DestroyJavaVM"                     [_thread_blocked, id=37068, stack(0x0000003e71c00000,0x0000003e71d00000) (1024K)]
  0x000001aa21a8d530 JavaThread "Image Fetcher 0"            daemon [_thread_blocked, id=8100, stack(0x0000003e73c00000,0x0000003e73d00000) (1024K)]
Total: 16

Other Threads:
  0x000001a9dac9ca30 VMThread "VM Thread"                           [id=37472, stack(0x0000003e72300000,0x0000003e72400000) (1024K)]
  0x000001a9dac846a0 WatcherThread "VM Periodic Task Thread"        [id=40568, stack(0x0000003e72200000,0x0000003e72300000) (1024K)]
  0x000001a9be32e890 WorkerThread "GC Thread#0"                     [id=27608, stack(0x0000003e71d00000,0x0000003e71e00000) (1024K)]
  0x000001a9be33fbe0 ConcurrentGCThread "G1 Main Marker"            [id=42572, stack(0x0000003e71e00000,0x0000003e71f00000) (1024K)]
  0x000001a9be3408a0 WorkerThread "G1 Conc#0"                       [id=28456, stack(0x0000003e71f00000,0x0000003e72000000) (1024K)]
  0x000001a9dab571a0 ConcurrentGCThread "G1 Refine#0"               [id=40204, stack(0x0000003e72000000,0x0000003e72100000) (1024K)]
  0x000001a9dab57d20 ConcurrentGCThread "G1 Service"                [id=28068, stack(0x0000003e72100000,0x0000003e72200000) (1024K)]
Total: 7

Threads with active compile tasks:
Total: 0

VM state: not at safepoint (normal execution)

VM Mutex/Monitor currently owned by a thread:  ([mutex/lock_event])
[0x00007ffa6ca6ab00] Metaspace_lock - owner thread: 0x000001aa203f9c70

Heap address: 0x000000008a600000, size: 1882 MB, Compressed Oops mode: 32-bit

CDS archive(s) mapped at: [0x000001a9db000000-0x000001a9dbc60000-0x000001a9dbc60000), size 12976128, SharedBaseAddress: 0x000001a9db000000, ArchiveRelocationMode: 1.
Compressed class space mapped at: 0x000001a9dc000000-0x000001aa1c000000, reserved size: 1073741824
Narrow klass base: 0x000001a9db000000, Narrow klass shift: 0, Narrow klass range: 0x41000000

GC Precious Log:
 CardTable entry size: 512
 Card Set container configuration: InlinePtr #cards 5 size 8 Array Of Cards #cards 12 size 40 Howl #buckets 4 coarsen threshold 1843 Howl Bitmap #cards 512 size 80 coarsen threshold 460 Card regions per heap region 1 cards per card region 2048
 CPUs: 12 total, 12 available
 Memory: 7521M
 Large Page Support: Disabled
 NUMA Support: Disabled
 Compressed Oops: Enabled (32-bit)
 Heap Region Size: 1M
 Heap Min Capacity: 8M
 Heap Initial Capacity: 118M
 Heap Max Capacity: 1882M
 Pre-touch: Disabled
 Parallel Workers: 10
 Concurrent Workers: 3
 Concurrent Refinement Workers: 10
 Periodic GC: Disabled

Heap:
 garbage-first heap   total reserved 1927168K, committed 120832K, used 12288K [0x000000008a600000, 0x0000000100000000)
  region size 1024K, 11 young (11264K), 0 survivors (0K)
 Metaspace       used 8313K, committed 8512K, reserved 1114112K
  class space    used 975K, committed 1088K, reserved 1048576K

Heap Regions: E=young(eden), S=young(survivor), O=old, HS=humongous(starts), HC=humongous(continues), CS=collection set, F=free, TAMS=top-at-mark-start, PB=parsable bottom
|   0|0x000000008a600000, 0x000000008a700000, 0x000000008a700000|100%|HS|  |TAMS 0x000000008a600000| PB 0x000000008a600000| Complete |  0
|   1|0x000000008a700000, 0x000000008a800000, 0x000000008a800000|100%|HC|  |TAMS 0x000000008a700000| PB 0x000000008a700000| Complete |  0
|   2|0x000000008a800000, 0x000000008a800000, 0x000000008a900000|  0%| F|  |TAMS 0x000000008a800000| PB 0x000000008a800000| Untracked |  0
|   3|0x000000008a900000, 0x000000008a900000, 0x000000008aa00000|  0%| F|  |TAMS 0x000000008a900000| PB 0x000000008a900000| Untracked |  0
|   4|0x000000008aa00000, 0x000000008aa00000, 0x000000008ab00000|  0%| F|  |TAMS 0x000000008aa00000| PB 0x000000008aa00000| Untracked |  0
|   5|0x000000008ab00000, 0x000000008ab00000, 0x000000008ac00000|  0%| F|  |TAMS 0x000000008ab00000| PB 0x000000008ab00000| Untracked |  0
|   6|0x000000008ac00000, 0x000000008ac00000, 0x000000008ad00000|  0%| F|  |TAMS 0x000000008ac00000| PB 0x000000008ac00000| Untracked |  0
|   7|0x000000008ad00000, 0x000000008ad00000, 0x000000008ae00000|  0%| F|  |TAMS 0x000000008ad00000| PB 0x000000008ad00000| Untracked |  0
|   8|0x000000008ae00000, 0x000000008ae00000, 0x000000008af00000|  0%| F|  |TAMS 0x000000008ae00000| PB 0x000000008ae00000| Untracked |  0
|   9|0x000000008af00000, 0x000000008af00000, 0x000000008b000000|  0%| F|  |TAMS 0x000000008af00000| PB 0x000000008af00000| Untracked |  0
|  10|0x000000008b000000, 0x000000008b000000, 0x000000008b100000|  0%| F|  |TAMS 0x000000008b000000| PB 0x000000008b000000| Untracked |  0
|  11|0x000000008b100000, 0x000000008b100000, 0x000000008b200000|  0%| F|  |TAMS 0x000000008b100000| PB 0x000000008b100000| Untracked |  0
|  12|0x000000008b200000, 0x000000008b200000, 0x000000008b300000|  0%| F|  |TAMS 0x000000008b200000| PB 0x000000008b200000| Untracked |  0
|  13|0x000000008b300000, 0x000000008b300000, 0x000000008b400000|  0%| F|  |TAMS 0x000000008b300000| PB 0x000000008b300000| Untracked |  0
|  14|0x000000008b400000, 0x000000008b400000, 0x000000008b500000|  0%| F|  |TAMS 0x000000008b400000| PB 0x000000008b400000| Untracked |  0
|  15|0x000000008b500000, 0x000000008b500000, 0x000000008b600000|  0%| F|  |TAMS 0x000000008b500000| PB 0x000000008b500000| Untracked |  0
|  16|0x000000008b600000, 0x000000008b600000, 0x000000008b700000|  0%| F|  |TAMS 0x000000008b600000| PB 0x000000008b600000| Untracked |  0
|  17|0x000000008b700000, 0x000000008b700000, 0x000000008b800000|  0%| F|  |TAMS 0x000000008b700000| PB 0x000000008b700000| Untracked |  0
|  18|0x000000008b800000, 0x000000008b800000, 0x000000008b900000|  0%| F|  |TAMS 0x000000008b800000| PB 0x000000008b800000| Untracked |  0
|  19|0x000000008b900000, 0x000000008b900000, 0x000000008ba00000|  0%| F|  |TAMS 0x000000008b900000| PB 0x000000008b900000| Untracked |  0
|  20|0x000000008ba00000, 0x000000008ba00000, 0x000000008bb00000|  0%| F|  |TAMS 0x000000008ba00000| PB 0x000000008ba00000| Untracked |  0
|  21|0x000000008bb00000, 0x000000008bb00000, 0x000000008bc00000|  0%| F|  |TAMS 0x000000008bb00000| PB 0x000000008bb00000| Untracked |  0
|  22|0x000000008bc00000, 0x000000008bc00000, 0x000000008bd00000|  0%| F|  |TAMS 0x000000008bc00000| PB 0x000000008bc00000| Untracked |  0
|  23|0x000000008bd00000, 0x000000008bd00000, 0x000000008be00000|  0%| F|  |TAMS 0x000000008bd00000| PB 0x000000008bd00000| Untracked |  0
|  24|0x000000008be00000, 0x000000008be00000, 0x000000008bf00000|  0%| F|  |TAMS 0x000000008be00000| PB 0x000000008be00000| Untracked |  0
|  25|0x000000008bf00000, 0x000000008bf00000, 0x000000008c000000|  0%| F|  |TAMS 0x000000008bf00000| PB 0x000000008bf00000| Untracked |  0
|  26|0x000000008c000000, 0x000000008c000000, 0x000000008c100000|  0%| F|  |TAMS 0x000000008c000000| PB 0x000000008c000000| Untracked |  0
|  27|0x000000008c100000, 0x000000008c100000, 0x000000008c200000|  0%| F|  |TAMS 0x000000008c100000| PB 0x000000008c100000| Untracked |  0
|  28|0x000000008c200000, 0x000000008c200000, 0x000000008c300000|  0%| F|  |TAMS 0x000000008c200000| PB 0x000000008c200000| Untracked |  0
|  29|0x000000008c300000, 0x000000008c300000, 0x000000008c400000|  0%| F|  |TAMS 0x000000008c300000| PB 0x000000008c300000| Untracked |  0
|  30|0x000000008c400000, 0x000000008c400000, 0x000000008c500000|  0%| F|  |TAMS 0x000000008c400000| PB 0x000000008c400000| Untracked |  0
|  31|0x000000008c500000, 0x000000008c500000, 0x000000008c600000|  0%| F|  |TAMS 0x000000008c500000| PB 0x000000008c500000| Untracked |  0
|  32|0x000000008c600000, 0x000000008c600000, 0x000000008c700000|  0%| F|  |TAMS 0x000000008c600000| PB 0x000000008c600000| Untracked |  0
|  33|0x000000008c700000, 0x000000008c700000, 0x000000008c800000|  0%| F|  |TAMS 0x000000008c700000| PB 0x000000008c700000| Untracked |  0
|  34|0x000000008c800000, 0x000000008c800000, 0x000000008c900000|  0%| F|  |TAMS 0x000000008c800000| PB 0x000000008c800000| Untracked |  0
|  35|0x000000008c900000, 0x000000008c900000, 0x000000008ca00000|  0%| F|  |TAMS 0x000000008c900000| PB 0x000000008c900000| Untracked |  0
|  36|0x000000008ca00000, 0x000000008ca00000, 0x000000008cb00000|  0%| F|  |TAMS 0x000000008ca00000| PB 0x000000008ca00000| Untracked |  0
|  37|0x000000008cb00000, 0x000000008cb00000, 0x000000008cc00000|  0%| F|  |TAMS 0x000000008cb00000| PB 0x000000008cb00000| Untracked |  0
|  38|0x000000008cc00000, 0x000000008cc00000, 0x000000008cd00000|  0%| F|  |TAMS 0x000000008cc00000| PB 0x000000008cc00000| Untracked |  0
|  39|0x000000008cd00000, 0x000000008cd00000, 0x000000008ce00000|  0%| F|  |TAMS 0x000000008cd00000| PB 0x000000008cd00000| Untracked |  0
|  40|0x000000008ce00000, 0x000000008ce00000, 0x000000008cf00000|  0%| F|  |TAMS 0x000000008ce00000| PB 0x000000008ce00000| Untracked |  0
|  41|0x000000008cf00000, 0x000000008cf00000, 0x000000008d000000|  0%| F|  |TAMS 0x000000008cf00000| PB 0x000000008cf00000| Untracked |  0
|  42|0x000000008d000000, 0x000000008d000000, 0x000000008d100000|  0%| F|  |TAMS 0x000000008d000000| PB 0x000000008d000000| Untracked |  0
|  43|0x000000008d100000, 0x000000008d100000, 0x000000008d200000|  0%| F|  |TAMS 0x000000008d100000| PB 0x000000008d100000| Untracked |  0
|  44|0x000000008d200000, 0x000000008d200000, 0x000000008d300000|  0%| F|  |TAMS 0x000000008d200000| PB 0x000000008d200000| Untracked |  0
|  45|0x000000008d300000, 0x000000008d300000, 0x000000008d400000|  0%| F|  |TAMS 0x000000008d300000| PB 0x000000008d300000| Untracked |  0
|  46|0x000000008d400000, 0x000000008d400000, 0x000000008d500000|  0%| F|  |TAMS 0x000000008d400000| PB 0x000000008d400000| Untracked |  0
|  47|0x000000008d500000, 0x000000008d500000, 0x000000008d600000|  0%| F|  |TAMS 0x000000008d500000| PB 0x000000008d500000| Untracked |  0
|  48|0x000000008d600000, 0x000000008d600000, 0x000000008d700000|  0%| F|  |TAMS 0x000000008d600000| PB 0x000000008d600000| Untracked |  0
|  49|0x000000008d700000, 0x000000008d700000, 0x000000008d800000|  0%| F|  |TAMS 0x000000008d700000| PB 0x000000008d700000| Untracked |  0
|  50|0x000000008d800000, 0x000000008d800000, 0x000000008d900000|  0%| F|  |TAMS 0x000000008d800000| PB 0x000000008d800000| Untracked |  0
|  51|0x000000008d900000, 0x000000008d900000, 0x000000008da00000|  0%| F|  |TAMS 0x000000008d900000| PB 0x000000008d900000| Untracked |  0
|  52|0x000000008da00000, 0x000000008da00000, 0x000000008db00000|  0%| F|  |TAMS 0x000000008da00000| PB 0x000000008da00000| Untracked |  0
|  53|0x000000008db00000, 0x000000008db00000, 0x000000008dc00000|  0%| F|  |TAMS 0x000000008db00000| PB 0x000000008db00000| Untracked |  0
|  54|0x000000008dc00000, 0x000000008dc00000, 0x000000008dd00000|  0%| F|  |TAMS 0x000000008dc00000| PB 0x000000008dc00000| Untracked |  0
|  55|0x000000008dd00000, 0x000000008dd00000, 0x000000008de00000|  0%| F|  |TAMS 0x000000008dd00000| PB 0x000000008dd00000| Untracked |  0
|  56|0x000000008de00000, 0x000000008de00000, 0x000000008df00000|  0%| F|  |TAMS 0x000000008de00000| PB 0x000000008de00000| Untracked |  0
|  57|0x000000008df00000, 0x000000008df00000, 0x000000008e000000|  0%| F|  |TAMS 0x000000008df00000| PB 0x000000008df00000| Untracked |  0
|  58|0x000000008e000000, 0x000000008e000000, 0x000000008e100000|  0%| F|  |TAMS 0x000000008e000000| PB 0x000000008e000000| Untracked |  0
|  59|0x000000008e100000, 0x000000008e100000, 0x000000008e200000|  0%| F|  |TAMS 0x000000008e100000| PB 0x000000008e100000| Untracked |  0
|  60|0x000000008e200000, 0x000000008e200000, 0x000000008e300000|  0%| F|  |TAMS 0x000000008e200000| PB 0x000000008e200000| Untracked |  0
|  61|0x000000008e300000, 0x000000008e300000, 0x000000008e400000|  0%| F|  |TAMS 0x000000008e300000| PB 0x000000008e300000| Untracked |  0
|  62|0x000000008e400000, 0x000000008e400000, 0x000000008e500000|  0%| F|  |TAMS 0x000000008e400000| PB 0x000000008e400000| Untracked |  0
|  63|0x000000008e500000, 0x000000008e500000, 0x000000008e600000|  0%| F|  |TAMS 0x000000008e500000| PB 0x000000008e500000| Untracked |  0
|  64|0x000000008e600000, 0x000000008e600000, 0x000000008e700000|  0%| F|  |TAMS 0x000000008e600000| PB 0x000000008e600000| Untracked |  0
|  65|0x000000008e700000, 0x000000008e700000, 0x000000008e800000|  0%| F|  |TAMS 0x000000008e700000| PB 0x000000008e700000| Untracked |  0
|  66|0x000000008e800000, 0x000000008e800000, 0x000000008e900000|  0%| F|  |TAMS 0x000000008e800000| PB 0x000000008e800000| Untracked |  0
|  67|0x000000008e900000, 0x000000008e900000, 0x000000008ea00000|  0%| F|  |TAMS 0x000000008e900000| PB 0x000000008e900000| Untracked |  0
|  68|0x000000008ea00000, 0x000000008ea00000, 0x000000008eb00000|  0%| F|  |TAMS 0x000000008ea00000| PB 0x000000008ea00000| Untracked |  0
|  69|0x000000008eb00000, 0x000000008eb00000, 0x000000008ec00000|  0%| F|  |TAMS 0x000000008eb00000| PB 0x000000008eb00000| Untracked |  0
|  70|0x000000008ec00000, 0x000000008ec00000, 0x000000008ed00000|  0%| F|  |TAMS 0x000000008ec00000| PB 0x000000008ec00000| Untracked |  0
|  71|0x000000008ed00000, 0x000000008ed00000, 0x000000008ee00000|  0%| F|  |TAMS 0x000000008ed00000| PB 0x000000008ed00000| Untracked |  0
|  72|0x000000008ee00000, 0x000000008ee00000, 0x000000008ef00000|  0%| F|  |TAMS 0x000000008ee00000| PB 0x000000008ee00000| Untracked |  0
|  73|0x000000008ef00000, 0x000000008ef00000, 0x000000008f000000|  0%| F|  |TAMS 0x000000008ef00000| PB 0x000000008ef00000| Untracked |  0
|  74|0x000000008f000000, 0x000000008f000000, 0x000000008f100000|  0%| F|  |TAMS 0x000000008f000000| PB 0x000000008f000000| Untracked |  0
|  75|0x000000008f100000, 0x000000008f100000, 0x000000008f200000|  0%| F|  |TAMS 0x000000008f100000| PB 0x000000008f100000| Untracked |  0
|  76|0x000000008f200000, 0x000000008f200000, 0x000000008f300000|  0%| F|  |TAMS 0x000000008f200000| PB 0x000000008f200000| Untracked |  0
|  77|0x000000008f300000, 0x000000008f300000, 0x000000008f400000|  0%| F|  |TAMS 0x000000008f300000| PB 0x000000008f300000| Untracked |  0
|  78|0x000000008f400000, 0x000000008f400000, 0x000000008f500000|  0%| F|  |TAMS 0x000000008f400000| PB 0x000000008f400000| Untracked |  0
|  79|0x000000008f500000, 0x000000008f500000, 0x000000008f600000|  0%| F|  |TAMS 0x000000008f500000| PB 0x000000008f500000| Untracked |  0
|  80|0x000000008f600000, 0x000000008f600000, 0x000000008f700000|  0%| F|  |TAMS 0x000000008f600000| PB 0x000000008f600000| Untracked |  0
|  81|0x000000008f700000, 0x000000008f700000, 0x000000008f800000|  0%| F|  |TAMS 0x000000008f700000| PB 0x000000008f700000| Untracked |  0
|  82|0x000000008f800000, 0x000000008f800000, 0x000000008f900000|  0%| F|  |TAMS 0x000000008f800000| PB 0x000000008f800000| Untracked |  0
|  83|0x000000008f900000, 0x000000008f900000, 0x000000008fa00000|  0%| F|  |TAMS 0x000000008f900000| PB 0x000000008f900000| Untracked |  0
|  84|0x000000008fa00000, 0x000000008fa00000, 0x000000008fb00000|  0%| F|  |TAMS 0x000000008fa00000| PB 0x000000008fa00000| Untracked |  0
|  85|0x000000008fb00000, 0x000000008fb00000, 0x000000008fc00000|  0%| F|  |TAMS 0x000000008fb00000| PB 0x000000008fb00000| Untracked |  0
|  86|0x000000008fc00000, 0x000000008fc00000, 0x000000008fd00000|  0%| F|  |TAMS 0x000000008fc00000| PB 0x000000008fc00000| Untracked |  0
|  87|0x000000008fd00000, 0x000000008fd00000, 0x000000008fe00000|  0%| F|  |TAMS 0x000000008fd00000| PB 0x000000008fd00000| Untracked |  0
|  88|0x000000008fe00000, 0x000000008fe00000, 0x000000008ff00000|  0%| F|  |TAMS 0x000000008fe00000| PB 0x000000008fe00000| Untracked |  0
|  89|0x000000008ff00000, 0x000000008ff00000, 0x0000000090000000|  0%| F|  |TAMS 0x000000008ff00000| PB 0x000000008ff00000| Untracked |  0
|  90|0x0000000090000000, 0x0000000090000000, 0x0000000090100000|  0%| F|  |TAMS 0x0000000090000000| PB 0x0000000090000000| Untracked |  0
|  91|0x0000000090100000, 0x0000000090100000, 0x0000000090200000|  0%| F|  |TAMS 0x0000000090100000| PB 0x0000000090100000| Untracked |  0
|  92|0x0000000090200000, 0x0000000090200000, 0x0000000090300000|  0%| F|  |TAMS 0x0000000090200000| PB 0x0000000090200000| Untracked |  0
|  93|0x0000000090300000, 0x0000000090300000, 0x0000000090400000|  0%| F|  |TAMS 0x0000000090300000| PB 0x0000000090300000| Untracked |  0
|  94|0x0000000090400000, 0x0000000090400000, 0x0000000090500000|  0%| F|  |TAMS 0x0000000090400000| PB 0x0000000090400000| Untracked |  0
|  95|0x0000000090500000, 0x0000000090500000, 0x0000000090600000|  0%| F|  |TAMS 0x0000000090500000| PB 0x0000000090500000| Untracked |  0
|  96|0x0000000090600000, 0x0000000090600000, 0x0000000090700000|  0%| F|  |TAMS 0x0000000090600000| PB 0x0000000090600000| Untracked |  0
|  97|0x0000000090700000, 0x0000000090700000, 0x0000000090800000|  0%| F|  |TAMS 0x0000000090700000| PB 0x0000000090700000| Untracked |  0
|  98|0x0000000090800000, 0x0000000090800000, 0x0000000090900000|  0%| F|  |TAMS 0x0000000090800000| PB 0x0000000090800000| Untracked |  0
|  99|0x0000000090900000, 0x0000000090900000, 0x0000000090a00000|  0%| F|  |TAMS 0x0000000090900000| PB 0x0000000090900000| Untracked |  0
| 100|0x0000000090a00000, 0x0000000090a00000, 0x0000000090b00000|  0%| F|  |TAMS 0x0000000090a00000| PB 0x0000000090a00000| Untracked |  0
| 101|0x0000000090b00000, 0x0000000090b00000, 0x0000000090c00000|  0%| F|  |TAMS 0x0000000090b00000| PB 0x0000000090b00000| Untracked |  0
| 102|0x0000000090c00000, 0x0000000090c00000, 0x0000000090d00000|  0%| F|  |TAMS 0x0000000090c00000| PB 0x0000000090c00000| Untracked |  0
| 103|0x0000000090d00000, 0x0000000090d00000, 0x0000000090e00000|  0%| F|  |TAMS 0x0000000090d00000| PB 0x0000000090d00000| Untracked |  0
| 104|0x0000000090e00000, 0x0000000090e00000, 0x0000000090f00000|  0%| F|  |TAMS 0x0000000090e00000| PB 0x0000000090e00000| Untracked |  0
| 105|0x0000000090f00000, 0x0000000090f00000, 0x0000000091000000|  0%| F|  |TAMS 0x0000000090f00000| PB 0x0000000090f00000| Untracked |  0
| 106|0x0000000091000000, 0x0000000091000000, 0x0000000091100000|  0%| F|  |TAMS 0x0000000091000000| PB 0x0000000091000000| Untracked |  0
| 107|0x0000000091100000, 0x000000009117ba50, 0x0000000091200000| 48%| E|  |TAMS 0x0000000091100000| PB 0x0000000091100000| Complete |  0
| 108|0x0000000091200000, 0x0000000091300000, 0x0000000091300000|100%| E|CS|TAMS 0x0000000091200000| PB 0x0000000091200000| Complete |  0
| 109|0x0000000091300000, 0x0000000091400000, 0x0000000091400000|100%| E|CS|TAMS 0x0000000091300000| PB 0x0000000091300000| Complete |  0
| 110|0x0000000091400000, 0x0000000091500000, 0x0000000091500000|100%| E|CS|TAMS 0x0000000091400000| PB 0x0000000091400000| Complete |  0
| 111|0x0000000091500000, 0x0000000091600000, 0x0000000091600000|100%| E|CS|TAMS 0x0000000091500000| PB 0x0000000091500000| Complete |  0
| 112|0x0000000091600000, 0x0000000091700000, 0x0000000091700000|100%| E|CS|TAMS 0x0000000091600000| PB 0x0000000091600000| Complete |  0
| 113|0x0000000091700000, 0x0000000091800000, 0x0000000091800000|100%| E|CS|TAMS 0x0000000091700000| PB 0x0000000091700000| Complete |  0
| 114|0x0000000091800000, 0x0000000091900000, 0x0000000091900000|100%| E|CS|TAMS 0x0000000091800000| PB 0x0000000091800000| Complete |  0
| 115|0x0000000091900000, 0x0000000091a00000, 0x0000000091a00000|100%| E|CS|TAMS 0x0000000091900000| PB 0x0000000091900000| Complete |  0
| 116|0x0000000091a00000, 0x0000000091b00000, 0x0000000091b00000|100%| E|CS|TAMS 0x0000000091a00000| PB 0x0000000091a00000| Complete |  0
| 117|0x0000000091b00000, 0x0000000091c00000, 0x0000000091c00000|100%| E|CS|TAMS 0x0000000091b00000| PB 0x0000000091b00000| Complete |  0

Card table byte_map: [0x000001a9d5f30000,0x000001a9d62e0000] _byte_map_base: 0x000001a9d5add000

Marking Bits: (CMBitMap*) 0x000001a9be32f7b0
 Bits: [0x000001a9d62e0000, 0x000001a9d8048000)

Polling page: 0x000001a9bc2a0000

Metaspace:

Usage:
  Non-class:      7.17 MB used.
      Class:    975.62 KB used.
       Both:      8.12 MB used.

Virtual space:
  Non-class space:       64.00 MB reserved,       7.25 MB ( 11%) committed,  1 nodes.
      Class space:        1.00 GB reserved,       1.06 MB ( <1%) committed,  1 nodes.
             Both:        1.06 GB reserved,       8.31 MB ( <1%) committed. 

Chunk freelists:
   Non-Class:  8.47 MB
       Class:  14.98 MB
        Both:  23.45 MB

MaxMetaspaceSize: unlimited
CompressedClassSpaceSize: 1.00 GB
Initial GC threshold: 21.00 MB
Current GC threshold: 21.00 MB
CDS: on
 - commit_granule_bytes: 65536.
 - commit_granule_words: 8192.
 - virtual_space_node_default_size: 8388608.
 - enlarge_chunks_in_place: 1.
 - use_allocation_guard: 0.


Internal statistics:

num_allocs_failed_limit: 0.
num_arena_births: 142.
num_arena_deaths: 0.
num_vsnodes_births: 2.
num_vsnodes_deaths: 0.
num_space_committed: 133.
num_space_uncommitted: 0.
num_chunks_returned_to_freelist: 0.
num_chunks_taken_from_freelist: 170.
num_chunk_merges: 0.
num_chunk_splits: 107.
num_chunks_enlarged: 57.
num_inconsistent_stats: 0.

CodeHeap 'non-profiled nmethods': size=120000Kb used=279Kb max_used=279Kb free=119720Kb
 bounds [0x000001a9ce100000, 0x000001a9ce370000, 0x000001a9d5630000]
CodeHeap 'profiled nmethods': size=120000Kb used=1464Kb max_used=1464Kb free=118535Kb
 bounds [0x000001a9c6630000, 0x000001a9c68a0000, 0x000001a9cdb60000]
CodeHeap 'non-nmethods': size=5760Kb used=1521Kb max_used=1534Kb free=4239Kb
 bounds [0x000001a9cdb60000, 0x000001a9cddd0000, 0x000001a9ce100000]
 total_blobs=1541 nmethods=947 adapters=499
 compilation: enabled
              stopped_count=0, restarted_count=0
 full_count=0

Compilation events (20 events):
Event: 0.452 Thread 0x000001a9daccc750 nmethod 936 0x000001a9c6797510 code [0x000001a9c6797700, 0x000001a9c6797d90]
Event: 0.452 Thread 0x000001a9daccc750  937   !   3       sun.awt.image.ImageRepresentation::setPixels (527 bytes)
Event: 0.454 Thread 0x000001a9daccc750 nmethod 937 0x000001a9c6797f90 code [0x000001a9c6798340, 0x000001a9c679a268]
Event: 0.454 Thread 0x000001a9daccc750  939       3       sun.awt.image.ImageWatched$WeakLink$$Lambda/0x000001a9dc0ed3a0::run (32 bytes)
Event: 0.454 Thread 0x000001a9daccc750 nmethod 939 0x000001a9c679b310 code [0x000001a9c679b4c0, 0x000001a9c679b628]
Event: 0.454 Thread 0x000001a9daccc750  940       3       sun.awt.image.ImageWatched$WeakLink::lambda$update$0 (19 bytes)
Event: 0.454 Thread 0x000001a9daccc750 nmethod 940 0x000001a9c679b710 code [0x000001a9c679b8c0, 0x000001a9c679bb50]
Event: 0.454 Thread 0x000001a9daccc750  941       3       java.awt.ImageMediaEntry::imageUpdate (51 bytes)
Event: 0.454 Thread 0x000001a9daccc750 nmethod 941 0x000001a9c679bc90 code [0x000001a9c679be80, 0x000001a9c679c530]
Event: 0.454 Thread 0x000001a9daccc750  943       3       sun.awt.image.SunWritableRaster::markDirty (8 bytes)
Event: 0.454 Thread 0x000001a9daccc750 nmethod 943 0x000001a9c679c710 code [0x000001a9c679c8a0, 0x000001a9c679ca38]
Event: 0.454 Thread 0x000001a9daccc750  944       3       java.lang.Integer::hashCode (8 bytes)
Event: 0.454 Thread 0x000001a9daccc750 nmethod 944 0x000001a9c679cb10 code [0x000001a9c679cca0, 0x000001a9c679ce08]
Event: 0.454 Thread 0x000001a9daccc750  945       3       java.lang.Integer::hashCode (2 bytes)
Event: 0.454 Thread 0x000001a9dacc8b50 nmethod 920 0x000001a9ce145290 code [0x000001a9ce145440, 0x000001a9ce145980]
Event: 0.454 Thread 0x000001a9daccc750 nmethod 945 0x000001a9c679ce90 code [0x000001a9c679d020, 0x000001a9c679d110]
Event: 0.462 Thread 0x000001a9daccc750  947       3       jdk.internal.org.objectweb.asm.SymbolTable::addTypeInternal (85 bytes)
Event: 0.462 Thread 0x000001a9daccc750 nmethod 947 0x000001a9c679d190 code [0x000001a9c679d360, 0x000001a9c679d960]
Event: 0.464 Thread 0x000001a9daccc750  948       3       java.lang.ref.PhantomReference::<init> (7 bytes)
Event: 0.465 Thread 0x000001a9daccc750 nmethod 948 0x000001a9c679db10 code [0x000001a9c679dcc0, 0x000001a9c679df90]

GC Heap History (0 events):
No events

Dll operation events (10 events):
Event: 0.011 Loaded shared library C:\Program Files\Java\jdk-22\bin\java.dll
Event: 0.036 Loaded shared library C:\Program Files\Java\jdk-22\bin\jsvml.dll
Event: 0.063 Loaded shared library C:\Program Files\Java\jdk-22\bin\net.dll
Event: 0.065 Loaded shared library C:\Program Files\Java\jdk-22\bin\nio.dll
Event: 0.087 Loaded shared library C:\Program Files\Java\jdk-22\bin\zip.dll
Event: 0.101 Loaded shared library C:\Program Files\Java\jdk-22\bin\jimage.dll
Event: 0.114 Loaded shared library C:\Program Files\Java\jdk-22\bin\awt.dll
Event: 0.229 Loaded shared library C:\Program Files\Java\jdk-22\bin\freetype.dll
Event: 0.230 Loaded shared library C:\Program Files\Java\jdk-22\bin\fontmanager.dll
Event: 0.446 Loaded shared library C:\Program Files\Java\jdk-22\bin\javajpeg.dll

Deoptimization events (14 events):
Event: 0.190 Thread 0x000001a9bc14f650 Uncommon trap: trap_request=0xffffff45 fr.pc=0x000001a9ce11113c relative=0x00000000000009fc
Event: 0.190 Thread 0x000001a9bc14f650 Uncommon trap: reason=unstable_if action=reinterpret pc=0x000001a9ce11113c method=java.util.HashMap.putVal(ILjava/lang/Object;Ljava/lang/Object;ZZ)Ljava/lang/Object; @ 236 c2
Event: 0.190 Thread 0x000001a9bc14f650 DEOPT PACKING pc=0x000001a9ce11113c sp=0x0000003e71cfe410
Event: 0.190 Thread 0x000001a9bc14f650 DEOPT UNPACKING pc=0x000001a9cdbb46a2 sp=0x0000003e71cfe3c8 mode 2
Event: 0.237 Thread 0x000001a9bc14f650 Uncommon trap: trap_request=0xffffff45 fr.pc=0x000001a9ce10d1ec relative=0x000000000000006c
Event: 0.237 Thread 0x000001a9bc14f650 Uncommon trap: reason=unstable_if action=reinterpret pc=0x000001a9ce10d1ec method=java.lang.String.isLatin1()Z @ 10 c2
Event: 0.237 Thread 0x000001a9bc14f650 DEOPT PACKING pc=0x000001a9ce10d1ec sp=0x0000003e71cfe9f0
Event: 0.237 Thread 0x000001a9bc14f650 DEOPT UNPACKING pc=0x000001a9cdbb46a2 sp=0x0000003e71cfe980 mode 2
Event: 0.360 Thread 0x000001aa203f9c70 DEOPT PACKING pc=0x000001a9c6639f7c sp=0x0000003e731fd8d0
Event: 0.360 Thread 0x000001aa203f9c70 DEOPT UNPACKING pc=0x000001a9cdbb4e42 sp=0x0000003e731fccf0 mode 0
Event: 0.378 Thread 0x000001aa203f9c70 Uncommon trap: trap_request=0xffffff45 fr.pc=0x000001a9ce1337a8 relative=0x0000000000000b48
Event: 0.378 Thread 0x000001aa203f9c70 Uncommon trap: reason=unstable_if action=reinterpret pc=0x000001a9ce1337a8 method=java.util.HashMap.putVal(ILjava/lang/Object;Ljava/lang/Object;ZZ)Ljava/lang/Object; @ 109 c2
Event: 0.378 Thread 0x000001aa203f9c70 DEOPT PACKING pc=0x000001a9ce1337a8 sp=0x0000003e731fe080
Event: 0.378 Thread 0x000001aa203f9c70 DEOPT UNPACKING pc=0x000001a9cdbb46a2 sp=0x0000003e731fdfc0 mode 2

Classes loaded (20 events):
Event: 0.463 Loading class sun/awt/AWTAccessor$SequencedEventAccessor done
Event: 0.463 Loading class java/awt/SequencedEvent$1 done
Event: 0.463 Loading class java/awt/SequencedEvent$2
Event: 0.463 Loading class java/awt/SequencedEvent$2 done
Event: 0.463 Loading class java/awt/event/WindowEvent
Event: 0.463 Loading class java/awt/event/WindowEvent done
Event: 0.464 Loading class sun/java2d/ScreenUpdateManager
Event: 0.464 Loading class sun/java2d/ScreenUpdateManager done
Event: 0.464 Loading class sun/java2d/d3d/D3DScreenUpdateManager
Event: 0.464 Loading class sun/java2d/d3d/D3DScreenUpdateManager done
Event: 0.465 Loading class sun/awt/windows/WEmbeddedFrame
Event: 0.465 Loading class sun/awt/windows/WEmbeddedFrame done
Event: 0.465 Loading class sun/java2d/windows/GDIWindowSurfaceData
Event: 0.465 Loading class sun/java2d/windows/GDIWindowSurfaceData done
Event: 0.465 Loading class sun/java2d/loops/XORComposite
Event: 0.465 Loading class java/awt/Composite
Event: 0.465 Loading class java/awt/Composite done
Event: 0.465 Loading class sun/java2d/loops/XORComposite done
Event: 0.465 Loading class sun/java2d/windows/GDIBlitLoops
Event: 0.465 Loading class sun/java2d/loops/Blit

Classes unloaded (0 events):
No events

Classes redefined (0 events):
No events

Internal exceptions (20 events):
Event: 0.262 Thread 0x000001a9bc14f650 Exception <a 'java/lang/ClassNotFoundException'{0x00000000916770c0}: ToolBar> (0x00000000916770c0) 
thrown [s\open\src\hotspot\share\classfile\systemDictionary.cpp, line 313]
Event: 0.262 Thread 0x000001a9bc14f650 Exception <a 'java/lang/ClassNotFoundException'{0x0000000091677430}: ToggleButton> (0x0000000091677430) 
thrown [s\open\src\hotspot\share\classfile\systemDictionary.cpp, line 313]
Event: 0.262 Thread 0x000001a9bc14f650 Exception <a 'java/lang/ClassNotFoundException'{0x0000000091677870}: javax/swing/JToolBarSeparator> (0x0000000091677870) 
thrown [s\open\src\hotspot\share\classfile\systemDictionary.cpp, line 313]
Event: 0.262 Thread 0x000001a9bc14f650 Exception <a 'java/lang/ClassNotFoundException'{0x0000000091677b80}: ToolBarSeparator> (0x0000000091677b80) 
thrown [s\open\src\hotspot\share\classfile\systemDictionary.cpp, line 313]
Event: 0.262 Thread 0x000001a9bc14f650 Exception <a 'java/lang/ClassNotFoundException'{0x0000000091678088}: ToolTip> (0x0000000091678088) 
thrown [s\open\src\hotspot\share\classfile\systemDictionary.cpp, line 313]
Event: 0.263 Thread 0x000001a9bc14f650 Exception <a 'java/lang/ClassNotFoundException'{0x00000000916789c8}: Tree> (0x00000000916789c8) 
thrown [s\open\src\hotspot\share\classfile\systemDictionary.cpp, line 313]
Event: 0.263 Thread 0x000001a9bc14f650 Exception <a 'java/lang/ClassNotFoundException'{0x0000000091678ec0}: Tree> (0x0000000091678ec0) 
thrown [s\open\src\hotspot\share\classfile\systemDictionary.cpp, line 313]
Event: 0.263 Thread 0x000001a9bc14f650 Exception <a 'java/lang/ClassNotFoundException'{0x0000000091679230}: javax/swing/JTreeCell> (0x0000000091679230) 
thrown [s\open\src\hotspot\share\classfile\systemDictionary.cpp, line 313]
Event: 0.263 Thread 0x000001a9bc14f650 Exception <a 'java/lang/ClassNotFoundException'{0x0000000091679538}: TreeCell> (0x0000000091679538) 
thrown [s\open\src\hotspot\share\classfile\systemDictionary.cpp, line 313]
Event: 0.263 Thread 0x000001a9bc14f650 Exception <a 'java/lang/ClassNotFoundException'{0x0000000091679ce0}: RootPane> (0x0000000091679ce0) 
thrown [s\open\src\hotspot\share\classfile\systemDictionary.cpp, line 313]
Event: 0.265 Thread 0x000001a9bc14f650 Exception <a 'java/lang/ClassNotFoundException'{0x000000009167ccc8}: com/sun/swing/internal/plaf/metal/resources/spi/metalProvider> (0x000000009167ccc8) 
thrown [s\open\src\hotspot\share\classfile\systemDictionary.cpp, line 313]
Event: 0.265 Thread 0x000001a9bc14f650 Exception <a 'java/lang/ClassNotFoundException'{0x0000000091680978}: com/sun/swing/internal/plaf/basic/resources/spi/basicProvider> (0x0000000091680978) 
thrown [s\open\src\hotspot\share\classfile\systemDictionary.cpp, line 313]
Event: 0.334 Thread 0x000001aa203f9c70 Exception <a 'java/lang/ClassNotFoundException'{0x00000000915152e0}: com/sun/swing/internal/plaf/synth/resources/spi/synthProvider> (0x00000000915152e0) 
thrown [s\open\src\hotspot\share\classfile\systemDictionary.cpp, line 313]
Event: 0.349 Thread 0x000001aa203f9c70 Exception <a 'java/lang/NoSuchMethodError'{0x0000000091558890}: 'int java.lang.invoke.Invokers$Holder.invokeExact_MT(java.lang.Object, java.lang.Object)'> (0x0000000091558890) 
thrown [s\open\src\hotspot\share\interpreter\linkResolver.cpp, line 774]
Event: 0.357 Thread 0x000001aa203f9c70 Exception <a 'java/lang/NoSuchMethodError'{0x0000000091567e10}: 'java.lang.Object java.lang.invoke.DirectMethodHandle$Holder.newInvokeSpecial(java.lang.Object, java.lang.Object, int)'> (0x0000000091567e10) 
thrown [s\open\src\hotspot\share\interpreter\linkResolver.cpp, line 774]
Event: 0.357 Thread 0x000001aa203f9c70 Exception <a 'java/lang/NoSuchMethodError'{0x000000009156ced0}: 'int java.lang.invoke.DirectMethodHandle$Holder.invokeSpecial(java.lang.Object, java.lang.Object, java.lang.Object, int)'> (0x000000009156ced0) 
thrown [s\open\src\hotspot\share\interpreter\linkResolver.cpp, line 774]
Event: 0.358 Thread 0x000001aa203f9c70 Exception <a 'java/lang/NoSuchMethodError'{0x000000009157fad0}: 'java.lang.Object java.lang.invoke.DirectMethodHandle$Holder.invokeStatic(java.lang.Object, java.lang.Object, java.lang.Object, java.lang.Object, int)'> (0x000000009157fad0) 
thrown [s\open\src\hotspot\share\interpreter\linkResolver.cpp, line 774]
Event: 0.360 Thread 0x000001aa203f9c70 Exception <a 'java/lang/NoSuchMethodError'{0x000000009158b480}: 'int java.lang.invoke.DirectMethodHandle$Holder.invokeSpecial(java.lang.Object, java.lang.Object, java.lang.Object)'> (0x000000009158b480) 
thrown [s\open\src\hotspot\share\interpreter\linkResolver.cpp, line 774]
Event: 0.434 Thread 0x000001aa21a8d530 Exception <a 'java/lang/NoSuchMethodError'{0x00000000913a5c48}: 'java.lang.Object java.lang.invoke.DirectMethodHandle$Holder.newInvokeSpecial(java.lang.Object, java.lang.Object, java.lang.Object, int, int, int, int, int)'> (0x00000000913a5c48) 
thrown [s\open\src\hotspot\share\interpreter\linkResolver.cpp, line 774]
Event: 0.462 Thread 0x000001aa2034f7e0 Exception <a 'java/lang/NoSuchMethodError'{0x000000009170e770}: 'void java.lang.invoke.DirectMethodHandle$Holder.invokeVirtual(java.lang.Object, java.lang.Object)'> (0x000000009170e770) 
thrown [s\open\src\hotspot\share\interpreter\linkResolver.cpp, line 774]

ZGC Phase Switch (0 events):
No events

VM Operations (8 events):
Event: 0.074 Executing VM operation: HandshakeAllThreads (Deoptimize)
Event: 0.074 Executing VM operation: HandshakeAllThreads (Deoptimize) done
Event: 0.137 Executing VM operation: HandshakeAllThreads (Deoptimize)
Event: 0.137 Executing VM operation: HandshakeAllThreads (Deoptimize) done
Event: 0.370 Executing VM operation: HandshakeAllThreads (Deoptimize)
Event: 0.370 Executing VM operation: HandshakeAllThreads (Deoptimize) done
Event: 0.423 Executing VM operation: HandshakeAllThreads (Deoptimize)
Event: 0.423 Executing VM operation: HandshakeAllThreads (Deoptimize) done

Memory protections (0 events):
No events

Nmethod flushes (0 events):
No events

Events (18 events):
Event: 0.023 Thread 0x000001a9bc14f650 Thread added: 0x000001a9bc14f650
Event: 0.034 Thread 0x000001a9bc14f650 Thread added: 0x000001a9dacb2f50
Event: 0.034 Thread 0x000001a9bc14f650 Thread added: 0x000001a9dacb3b10
Event: 0.035 Thread 0x000001a9bc14f650 Thread added: 0x000001a9dacb76f0
Event: 0.035 Thread 0x000001a9bc14f650 Thread added: 0x000001a9dacb8150
Event: 0.035 Thread 0x000001a9bc14f650 Thread added: 0x000001a9dacb8e30
Event: 0.035 Thread 0x000001a9bc14f650 Thread added: 0x000001a9dacb9890
Event: 0.035 Thread 0x000001a9bc14f650 Thread added: 0x000001a9dacc8b50
Event: 0.035 Thread 0x000001a9bc14f650 Thread added: 0x000001a9daccc750
Event: 0.054 Thread 0x000001a9bc14f650 Thread added: 0x000001aa2010bda0
Event: 0.083 Thread 0x000001a9bc14f650 Thread added: 0x000001aa201da850
Event: 0.164 Thread 0x000001a9bc14f650 Thread added: 0x000001aa2033ee80
Event: 0.165 Thread 0x000001a9bc14f650 Thread added: 0x000001aa20348530
Event: 0.166 Thread 0x000001a9bc14f650 Thread added: 0x000001aa2034f7e0
Event: 0.274 Thread 0x000001a9bc14f650 Thread added: 0x000001aa203f9c70
Event: 0.275 Thread 0x000001a9bc14f650 Thread exited: 0x000001a9bc14f650
Event: 0.275 Thread 0x000001a9bc14f650 Thread added: 0x000001a9bc14f650
Event: 0.388 Thread 0x000001aa203f9c70 Thread added: 0x000001aa21a8d530


Dynamic libraries:
0x00007ff670920000 - 0x00007ff670930000 	C:\Program Files\Java\jdk-22\bin\java.exe
0x00007ffab59f0000 - 0x00007ffab5c07000 	C:\WINDOWS\SYSTEM32\ntdll.dll
0x00007ffab5580000 - 0x00007ffab5644000 	C:\WINDOWS\System32\KERNEL32.DLL
0x00007ffab2d40000 - 0x00007ffab30ed000 	C:\WINDOWS\System32\KERNELBASE.dll
0x00007ffab3440000 - 0x00007ffab3551000 	C:\WINDOWS\System32\ucrtbase.dll
0x00007ffaaf990000 - 0x00007ffaaf9ab000 	C:\Program Files\Java\jdk-22\bin\VCRUNTIME140.dll
0x00007ffa9daf0000 - 0x00007ffa9db07000 	C:\Program Files\Java\jdk-22\bin\jli.dll
0x00007ffab4170000 - 0x00007ffab431e000 	C:\WINDOWS\System32\USER32.dll
0x00007ffab3410000 - 0x00007ffab3436000 	C:\WINDOWS\System32\win32u.dll
0x00007ffab5900000 - 0x00007ffab5929000 	C:\WINDOWS\System32\GDI32.dll
0x00007ffa952f0000 - 0x00007ffa95583000 	C:\WINDOWS\WinSxS\amd64_microsoft.windows.common-controls_6595b64144ccf1df_6.0.22621.3672_none_2713b9d173822955\COMCTL32.dll
0x00007ffab3560000 - 0x00007ffab3679000 	C:\WINDOWS\System32\gdi32full.dll
0x00007ffab4010000 - 0x00007ffab40b7000 	C:\WINDOWS\System32\msvcrt.dll
0x00007ffab3680000 - 0x00007ffab371a000 	C:\WINDOWS\System32\msvcp_win.dll
0x00007ffab3770000 - 0x00007ffab37a1000 	C:\WINDOWS\System32\IMM32.DLL
0x00007ffaa7f30000 - 0x00007ffaa7f3c000 	C:\Program Files\Java\jdk-22\bin\vcruntime140_1.dll
0x00007ffa76bd0000 - 0x00007ffa76c5e000 	C:\Program Files\Java\jdk-22\bin\msvcp140.dll
0x00007ffa6be00000 - 0x00007ffa6cb49000 	C:\Program Files\Java\jdk-22\bin\server\jvm.dll
0x00007ffab5680000 - 0x00007ffab5732000 	C:\WINDOWS\System32\ADVAPI32.dll
0x00007ffab3bf0000 - 0x00007ffab3c99000 	C:\WINDOWS\System32\sechost.dll
0x00007ffab2d10000 - 0x00007ffab2d38000 	C:\WINDOWS\System32\bcrypt.dll
0x00007ffab5460000 - 0x00007ffab5574000 	C:\WINDOWS\System32\RPCRT4.dll
0x00007ffab5930000 - 0x00007ffab59a1000 	C:\WINDOWS\System32\WS2_32.dll
0x00007ffab2be0000 - 0x00007ffab2c2d000 	C:\WINDOWS\SYSTEM32\POWRPROF.dll
0x00007ffaae8d0000 - 0x00007ffaae904000 	C:\WINDOWS\SYSTEM32\WINMM.dll
0x00007ffaac630000 - 0x00007ffaac63a000 	C:\WINDOWS\SYSTEM32\VERSION.dll
0x00007ffab2bc0000 - 0x00007ffab2bd3000 	C:\WINDOWS\SYSTEM32\UMPDC.dll
0x00007ffab1d20000 - 0x00007ffab1d38000 	C:\WINDOWS\SYSTEM32\kernel.appcore.dll
0x00007ffaa66e0000 - 0x00007ffaa66ea000 	C:\Program Files\Java\jdk-22\bin\jimage.dll
0x00007ffaab050000 - 0x00007ffaab282000 	C:\WINDOWS\SYSTEM32\DBGHELP.DLL
0x00007ffab4320000 - 0x00007ffab46ae000 	C:\WINDOWS\System32\combase.dll
0x00007ffab57c0000 - 0x00007ffab5897000 	C:\WINDOWS\System32\OLEAUT32.dll
0x00007ffaa6250000 - 0x00007ffaa6282000 	C:\WINDOWS\SYSTEM32\dbgcore.DLL
0x00007ffab31b0000 - 0x00007ffab322b000 	C:\WINDOWS\System32\bcryptPrimitives.dll
0x00007ffa8a2c0000 - 0x00007ffa8a2de000 	C:\Program Files\Java\jdk-22\bin\java.dll
0x00007ffab46b0000 - 0x00007ffab4f17000 	C:\WINDOWS\System32\SHELL32.dll
0x00007ffab3e60000 - 0x00007ffab4005000 	C:\WINDOWS\System32\ole32.dll
0x00007ffab0c40000 - 0x00007ffab153f000 	C:\WINDOWS\SYSTEM32\windows.storage.dll
0x00007ffab0b00000 - 0x00007ffab0c3f000 	C:\WINDOWS\SYSTEM32\wintypes.dll
0x00007ffab38b0000 - 0x00007ffab39a9000 	C:\WINDOWS\System32\SHCORE.dll
0x00007ffab5750000 - 0x00007ffab57ae000 	C:\WINDOWS\System32\shlwapi.dll
0x00007ffab2c40000 - 0x00007ffab2c67000 	C:\WINDOWS\SYSTEM32\profapi.dll
0x00007ffa75d20000 - 0x00007ffa75df7000 	C:\Program Files\Java\jdk-22\bin\jsvml.dll
0x00007ffa8c010000 - 0x00007ffa8c020000 	C:\Program Files\Java\jdk-22\bin\net.dll
0x00007ffab2190000 - 0x00007ffab21f9000 	C:\WINDOWS\system32\mswsock.dll
0x00007ffa87f60000 - 0x00007ffa87f76000 	C:\Program Files\Java\jdk-22\bin\nio.dll
0x00007ffa87e00000 - 0x00007ffa87e17000 	C:\Program Files\Java\jdk-22\bin\zip.dll
0x00007ffa6f9e0000 - 0x00007ffa6fb6e000 	C:\Program Files\Java\jdk-22\bin\awt.dll
0x00007ffaae610000 - 0x00007ffaae6a7000 	C:\WINDOWS\SYSTEM32\apphelp.dll
0x00007ffab0220000 - 0x00007ffab02d1000 	C:\WINDOWS\system32\uxtheme.dll
0x00007ffab3a90000 - 0x00007ffab3bee000 	C:\WINDOWS\System32\MSCTF.dll
0x00007ffab0490000 - 0x00007ffab04bb000 	C:\WINDOWS\system32\DWMAPI.DLL
0x00007ffa75590000 - 0x00007ffa75617000 	C:\Program Files\Java\jdk-22\bin\freetype.dll
0x00007ffa6f800000 - 0x00007ffa6f8d7000 	C:\Program Files\Java\jdk-22\bin\fontmanager.dll
0x00007ffa6f8e0000 - 0x00007ffa6f9e0000 	C:\WINDOWS\system32\opengl32.dll
0x00007ffa87480000 - 0x00007ffa874ad000 	C:\WINDOWS\SYSTEM32\GLU32.dll
0x00007ffab0340000 - 0x00007ffab0377000 	C:\WINDOWS\SYSTEM32\dxcore.dll
0x00007ffa77780000 - 0x00007ffa77928000 	C:\WINDOWS\system32\d3d9.dll
0x00007ffaa9580000 - 0x00007ffaa973b000 	C:\WINDOWS\System32\DriverStore\FileRepository\u0382224.inf_amd64_c734d32d6997cdb7\B380779\aticfx64.dll
0x00007ffa85a10000 - 0x00007ffa85a44000 	C:\WINDOWS\System32\DriverStore\FileRepository\u0382224.inf_amd64_c734d32d6997cdb7\B380779\atiu9p64.dll
0x00007ffa09be0000 - 0x00007ffa0a935000 	C:\WINDOWS\System32\DriverStore\FileRepository\u0382224.inf_amd64_c734d32d6997cdb7\B380779\atiumd64.dll
0x0000000053140000 - 0x0000000054066000 	C:\WINDOWS\System32\DriverStore\FileRepository\u0382224.inf_amd64_c734d32d6997cdb7\B380779\atiumd6a.dll
0x00007ffab4fd0000 - 0x00007ffab5444000 	C:\WINDOWS\System32\SETUPAPI.dll
0x00007ffaa8c90000 - 0x00007ffaa8cc5000 	C:\WINDOWS\SYSTEM32\amdihk64.dll
0x00007ffaaae90000 - 0x00007ffaaaed9000 	C:\WINDOWS\SYSTEM32\directxdatabasehelper.dll
0x00007ffaa81a0000 - 0x00007ffaa81ce000 	C:\Program Files\Java\jdk-22\bin\javajpeg.dll

dbghelp: loaded successfully - version: 4.0.5 - missing functions: none
symbol engine: initialized successfully - sym options: 0x614 - pdb path: .;C:\Program Files\Java\jdk-22\bin;C:\WINDOWS\SYSTEM32;C:\WINDOWS\WinSxS\amd64_microsoft.windows.common-controls_6595b64144ccf1df_6.0.22621.3672_none_2713b9d173822955;C:\Program Files\Java\jdk-22\bin\server;C:\WINDOWS\System32\DriverStore\FileRepository\u0382224.inf_amd64_c734d32d6997cdb7\B380779

VM Arguments:
jvm_args: -Dfile.encoding=UTF-8 --module-path=C:\Users\shashi prakash tiwar\OneDrive\Documents\NetBeansProjects\Hospital Management\build\classes 
java_command: updatePatientRecord
java_class_path (initial): C:\Users\shashi prakash tiwar\OneDrive\Documents\NetBeansProjects\Hospital Management\lib\absolutelayout\AbsoluteLayout.jar;C:\Users\shashi prakash tiwar\Downloads\mysql-connector-j-9.0.0\mysql-connector-j-9.0.0\mysql-connector-j-9.0.0.jar;C:\Users\shashi prakash tiwar\Downloads\rs2xml.jar;C:\Users\shashi prakash tiwar\OneDrive\Documents\NetBeansProjects\Hospital Management\build\classes
Launcher Type: SUN_STANDARD

[Global flags]
     intx CICompilerCount                          = 4                                         {product} {ergonomic}
     uint ConcGCThreads                            = 3                                         {product} {ergonomic}
     uint G1ConcRefinementThreads                  = 10                                        {product} {ergonomic}
   size_t G1HeapRegionSize                         = 1048576                                   {product} {ergonomic}
   size_t InitialHeapSize                          = 123731968                                 {product} {ergonomic}
   size_t MarkStackSize                            = 4194304                                   {product} {ergonomic}
   size_t MaxHeapSize                              = 1973420032                                {product} {ergonomic}
   size_t MaxNewSize                               = 1183842304                                {product} {ergonomic}
   size_t MinHeapDeltaBytes                        = 1048576                                   {product} {ergonomic}
   size_t MinHeapSize                              = 8388608                                   {product} {ergonomic}
    uintx NonNMethodCodeHeapSize                   = 5839372                                {pd product} {ergonomic}
    uintx NonProfiledCodeHeapSize                  = 122909434                              {pd product} {ergonomic}
    uintx ProfiledCodeHeapSize                     = 122909434                              {pd product} {ergonomic}
    uintx ReservedCodeCacheSize                    = 251658240                              {pd product} {ergonomic}
     bool SegmentedCodeCache                       = true                                      {product} {ergonomic}
   size_t SoftMaxHeapSize                          = 1973420032                             {manageable} {ergonomic}
     bool UseCompressedOops                        = true                           {product lp64_product} {ergonomic}
     bool UseG1GC                                  = true                                      {product} {ergonomic}
     bool UseLargePagesIndividualAllocation        = false                                  {pd product} {ergonomic}

Logging:
Log output configuration:
 #0: stdout all=warning uptime,level,tags foldmultilines=false
 #1: stderr all=off uptime,level,tags foldmultilines=false

Environment Variables:
PATH=C:\Program Files\Common Files\Oracle\Java\javapath;C:\windows\system32;C:\windows;C:\windows\System32\Wbem;C:\windows\System32\WindowsPowerShell\v1.0\;C:\windows\System32\OpenSSH\;C:\Program Files (x86)\NVIDIA Corporation\PhysX\Common;C:\Program Files\NVIDIA Corporation\NVIDIA NvDLISR;C:\MinGW\bin;C:\WINDOWS\system32;C:\WINDOWS;C:\WINDOWS\System32\Wbem;C:\WINDOWS\System32\WindowsPowerShell\v1.0\;C:\WINDOWS\System32\OpenSSH\;C:\Program Files\Java\jdk1.8.0_131\bin;C:\Program Files\Git\cmd;C:\Program Files\Java\jdk-22\bin;C:\Users\shashi prakash tiwar\AppData\Local\Programs\Python\Python311\Scripts\;C:\Users\shashi prakash tiwar\AppData\Local\Programs\Python\Python311\;C:\Users\shashi prakash tiwar\AppData\Local\Microsoft\WindowsApps;C:\Users\shashi prakash tiwar\AppData\Local\Programs\Microsoft VS Code\bin;C:\Program Files\JetBrains\PyCharm 2022.2.2\bin;;C:\MinGW\bin;%JAVA_HOME%bin;C:\Program Files\Java\jdk1.8.0_131\bin;C:\Users\shashi prakash tiwar\AppData\Local\GitHubDesktop\bin;C:\ProgramData\shashi prakash tiwar\GitHubDesktop\bin;C:\Program Files\JetBrains\IntelliJ IDEA Community Edition 2024.1.4\bin;
USERNAME=shashi prakash tiwar
OS=Windows_NT
PROCESSOR_IDENTIFIER=AMD64 Family 25 Model 80 Stepping 0, AuthenticAMD
TMP=C:\Users\SHASHI~1\AppData\Local\Temp
TEMP=C:\Users\SHASHI~1\AppData\Local\Temp




Periodic native trim disabled

---------------  S Y S T E M  ---------------

OS:
 Windows 11 , 64 bit Build 22621 (10.0.22621.3958)
OS uptime: 6 days 13:35 hours
Hyper-V role detected

CPU: total 12 (initial active 12) (12 cores per cpu, 2 threads per core) family 25 model 80 stepping 0 microcode 0x0, cx8, cmov, fxsr, ht, mmx, 3dnowpref, sse, sse2, sse3, ssse3, sse4a, sse4.1, sse4.2, popcnt, lzcnt, tsc, tscinvbit, avx, avx2, aes, erms, clmul, bmi1, bmi2, adx, sha, fma, vzeroupper, clflush, clflushopt, hv, rdtscp, rdpid, fsrm, f16c, cet_ss
Processor Information for processor 0
  Max Mhz: 3301, Current Mhz: 1805, Mhz Limit: 3301
Processor Information for processor 1
  Max Mhz: 3301, Current Mhz: 1805, Mhz Limit: 3301
Processor Information for processor 2
  Max Mhz: 3301, Current Mhz: 1805, Mhz Limit: 3301
Processor Information for processor 3
  Max Mhz: 3301, Current Mhz: 1805, Mhz Limit: 3301
Processor Information for processor 4
  Max Mhz: 3301, Current Mhz: 1805, Mhz Limit: 3301
Processor Information for processor 5
  Max Mhz: 3301, Current Mhz: 1805, Mhz Limit: 3301
Processor Information for processor 6
  Max Mhz: 3301, Current Mhz: 3301, Mhz Limit: 3301
Processor Information for processor 7
  Max Mhz: 3301, Current Mhz: 3301, Mhz Limit: 3301
Processor Information for processor 8
  Max Mhz: 3301, Current Mhz: 1805, Mhz Limit: 3301
Processor Information for processor 9
  Max Mhz: 3301, Current Mhz: 1805, Mhz Limit: 3301
Processor Information for processor 10
  Max Mhz: 3301, Current Mhz: 3301, Mhz Limit: 3301
Processor Information for processor 11
  Max Mhz: 3301, Current Mhz: 1805, Mhz Limit: 3301

Memory: 4k page, system-wide physical 7521M (408M free)
TotalPageFile size 31073M (AvailPageFile size 1M)
current process WorkingSet (physical memory assigned to process): 79M, peak: 79M
current process commit charge ("private bytes"): 235M, peak: 235M

vm_info: Java HotSpot(TM) 64-Bit Server VM (22.0.2+9-70) for windows-amd64 JRE (22.0.2+9-70), built on 2024-06-04T16:52:23Z by "mach5one" with MS VC++ 17.6 (VS2022)

END.
