#
# There is insufficient memory for the Java Runtime Environment to continue.
# Native memory allocation (mmap) failed to map 123731968 bytes. Error detail: G1 virtual space
# Possible reasons:
#   The system is out of physical RAM or swap space
#   This process is running with CompressedOops enabled, and the Java Heap may be blocking the growth of the native heap
# Possible solutions:
#   Reduce memory load on the system
#   Increase physical memory or swap space
#   Check if swap backing store is full
#   Decrease Java heap size (-Xmx/-Xms)
#   Decrease number of Java threads
#   Decrease Java thread stack sizes (-Xss)
#   Set larger code cache with -XX:ReservedCodeCacheSize=
#   JVM is running with Unscaled Compressed Oops mode in which the Java heap is
#     placed in the first 4GB address space. The Java Heap base address is the
#     maximum limit for the native heap growth. Please use -XX:HeapBaseMinAddress
#     to set the Java Heap base and to place the Java Heap above 4GB virtual address.
# This output file may be truncated or incomplete.
#
#  Out of Memory Error (os_windows.cpp:3631), pid=43592, tid=13224
#
# JRE version:  (22.0.2+9) (build )
# Java VM: Java HotSpot(TM) 64-Bit Server VM (22.0.2+9-70, mixed mode, sharing, tiered, compressed oops, compressed class ptrs, g1 gc, windows-amd64)
# No core dump will be written. Minidumps are not enabled by default on client versions of Windows
#

---------------  S U M M A R Y ------------

Command Line: -Dfile.encoding=UTF-8 --module-path=C:\Users\shashi prakash tiwar\OneDrive\Documents\NetBeansProjects\Hospital Management\build\classes updatePatientRecord

Host: AMD Ryzen 5 5600H with Radeon Graphics         , 12 cores, 7G,  Windows 11 , 64 bit Build 22621 (10.0.22621.3958)
Time: Wed Sep  4 11:16:40 2024 India Standard Time elapsed time: 0.022701 seconds (0d 0h 0m 0s)

---------------  T H R E A D  ---------------

Current thread (0x000001fba5d4f4f0):  JavaThread "Unknown thread" [_thread_in_vm, id=13224, stack(0x000000f6cc700000,0x000000f6cc800000) (1024K)]

Stack: [0x000000f6cc700000,0x000000f6cc800000]
Native frames: (J=compiled Java code, j=interpreted, Vv=VM code, C=native code)
V  [jvm.dll+0x6e26e9]  (no source info available)
V  [jvm.dll+0x875753]  (no source info available)
V  [jvm.dll+0x877b7e]  (no source info available)
V  [jvm.dll+0x878253]  (no source info available)
V  [jvm.dll+0x27fc86]  (no source info available)
V  [jvm.dll+0x6ded85]  (no source info available)
V  [jvm.dll+0x6d388a]  (no source info available)
V  [jvm.dll+0x358b8a]  (no source info available)
V  [jvm.dll+0x3610b6]  (no source info available)
V  [jvm.dll+0x3b419e]  (no source info available)
V  [jvm.dll+0x3b4448]  (no source info available)
V  [jvm.dll+0x32c5ec]  (no source info available)
V  [jvm.dll+0x32d258]  (no source info available)
V  [jvm.dll+0x83d5ac]  (no source info available)
V  [jvm.dll+0x3c10d1]  (no source info available)
V  [jvm.dll+0x8264cc]  (no source info available)
V  [jvm.dll+0x45bd5e]  (no source info available)
V  [jvm.dll+0x45dbe1]  (no source info available)
C  [jli.dll+0x52a3]  (no source info available)
C  [ucrtbase.dll+0x29333]  (no source info available)
C  [KERNEL32.DLL+0x1257d]  (no source info available)
C  [ntdll.dll+0x5af28]  (no source info available)


---------------  P R O C E S S  ---------------

Threads class SMR info:
_java_thread_list=0x00007ffa6c9ec1c8, length=0, elements={
}

Java Threads: ( => current thread )
Total: 0

Other Threads:
  0x000001fba806e770 WorkerThread "GC Thread#0"                     [id=41328, stack(0x000000f6cc800000,0x000000f6cc900000) (1024K)]
  0x000001fba8080ad0 ConcurrentGCThread "G1 Main Marker"            [id=42132, stack(0x000000f6cc900000,0x000000f6cca00000) (1024K)]
  0x000001fba8082330 WorkerThread "G1 Conc#0"                       [id=43224, stack(0x000000f6cca00000,0x000000f6ccb00000) (1024K)]

[error occurred during error reporting (printing all threads), id 0xc0000005, EXCEPTION_ACCESS_VIOLATION (0xc0000005) at pc=0x00007ffa6c13f517]
VM state: not at safepoint (not fully initialized)

VM Mutex/Monitor currently owned by a thread:  ([mutex/lock_event])
[0x00007ffa6ca6cc80] Heap_lock - owner thread: 0x000001fba5d4f4f0

Heap address: 0x000000008a600000, size: 1882 MB, Compressed Oops mode: 32-bit

CDS archive(s) mapped at: [0x0000000000000000-0x0000000000000000-0x0000000000000000), size 0, SharedBaseAddress: 0x0000000800000000, ArchiveRelocationMode: 1.
Narrow klass base: 0x0000000000000000, Narrow klass shift: 0, Narrow klass range: 0x0

GC Precious Log:
 CardTable entry size: 512
 Card Set container configuration: InlinePtr #cards 5 size 8 Array Of Cards #cards 12 size 40 Howl #buckets 4 coarsen threshold 1843 Howl Bitmap #cards 512 size 80 coarsen threshold 460 Card regions per heap region 1 cards per card region 2048

Heap:
 garbage-first heap   total reserved 1927168K, committed 0K, used 0K [0x000000008a600000, 0x0000000100000000)
  region size 1024K, 0 young (0K), 0 survivors (0K)

[error occurred during error reporting (printing heap information), id 0xc0000005, EXCEPTION_ACCESS_VIOLATION (0xc0000005) at pc=0x00007ffa6c53e869]
GC Heap History (0 events):
No events

Dll operation events (1 events):
Event: 0.015 Loaded shared library C:\Program Files\Java\jdk-22\bin\java.dll

Deoptimization events (0 events):
No events

Classes loaded (0 events):
No events

Classes unloaded (0 events):
No events

Classes redefined (0 events):
No events

Internal exceptions (0 events):
No events

ZGC Phase Switch (0 events):
No events

VM Operations (0 events):
No events

Memory protections (0 events):
No events

Nmethod flushes (0 events):
No events

Events (0 events):
No events


Dynamic libraries:
0x00007ff670920000 - 0x00007ff670930000 	C:\Program Files\Java\jdk-22\bin\java.exe
0x00007ffab59f0000 - 0x00007ffab5c07000 	C:\WINDOWS\SYSTEM32\ntdll.dll
0x00007ffab5580000 - 0x00007ffab5644000 	C:\WINDOWS\System32\KERNEL32.DLL
0x00007ffab2d40000 - 0x00007ffab30ed000 	C:\WINDOWS\System32\KERNELBASE.dll
0x00007ffab3440000 - 0x00007ffab3551000 	C:\WINDOWS\System32\ucrtbase.dll
0x00007ffaaf990000 - 0x00007ffaaf9ab000 	C:\Program Files\Java\jdk-22\bin\VCRUNTIME140.dll
0x00007ffa9daf0000 - 0x00007ffa9db07000 	C:\Program Files\Java\jdk-22\bin\jli.dll
0x00007ffab4170000 - 0x00007ffab431e000 	C:\WINDOWS\System32\USER32.dll
0x00007ffab3410000 - 0x00007ffab3436000 	C:\WINDOWS\System32\win32u.dll
0x00007ffa952f0000 - 0x00007ffa95583000 	C:\WINDOWS\WinSxS\amd64_microsoft.windows.common-controls_6595b64144ccf1df_6.0.22621.3672_none_2713b9d173822955\COMCTL32.dll
0x00007ffab5900000 - 0x00007ffab5929000 	C:\WINDOWS\System32\GDI32.dll
0x00007ffab4010000 - 0x00007ffab40b7000 	C:\WINDOWS\System32\msvcrt.dll
0x00007ffab3560000 - 0x00007ffab3679000 	C:\WINDOWS\System32\gdi32full.dll
0x00007ffab3680000 - 0x00007ffab371a000 	C:\WINDOWS\System32\msvcp_win.dll
0x00007ffab3770000 - 0x00007ffab37a1000 	C:\WINDOWS\System32\IMM32.DLL
0x00007ffaa7f30000 - 0x00007ffaa7f3c000 	C:\Program Files\Java\jdk-22\bin\vcruntime140_1.dll
0x00007ffa76bd0000 - 0x00007ffa76c5e000 	C:\Program Files\Java\jdk-22\bin\msvcp140.dll
0x00007ffa6be00000 - 0x00007ffa6cb49000 	C:\Program Files\Java\jdk-22\bin\server\jvm.dll
0x00007ffab5680000 - 0x00007ffab5732000 	C:\WINDOWS\System32\ADVAPI32.dll
0x00007ffab3bf0000 - 0x00007ffab3c99000 	C:\WINDOWS\System32\sechost.dll
0x00007ffab2d10000 - 0x00007ffab2d38000 	C:\WINDOWS\System32\bcrypt.dll
0x00007ffab5460000 - 0x00007ffab5574000 	C:\WINDOWS\System32\RPCRT4.dll
0x00007ffab5930000 - 0x00007ffab59a1000 	C:\WINDOWS\System32\WS2_32.dll
0x00007ffab2be0000 - 0x00007ffab2c2d000 	C:\WINDOWS\SYSTEM32\POWRPROF.dll
0x00007ffaac630000 - 0x00007ffaac63a000 	C:\WINDOWS\SYSTEM32\VERSION.dll
0x00007ffaae8d0000 - 0x00007ffaae904000 	C:\WINDOWS\SYSTEM32\WINMM.dll
0x00007ffab2bc0000 - 0x00007ffab2bd3000 	C:\WINDOWS\SYSTEM32\UMPDC.dll
0x00007ffab1d20000 - 0x00007ffab1d38000 	C:\WINDOWS\SYSTEM32\kernel.appcore.dll
0x00007ffaa66e0000 - 0x00007ffaa66ea000 	C:\Program Files\Java\jdk-22\bin\jimage.dll
0x00007ffaab050000 - 0x00007ffaab282000 	C:\WINDOWS\SYSTEM32\DBGHELP.DLL
0x00007ffab4320000 - 0x00007ffab46ae000 	C:\WINDOWS\System32\combase.dll
0x00007ffab57c0000 - 0x00007ffab5897000 	C:\WINDOWS\System32\OLEAUT32.dll
0x00007ffaa6250000 - 0x00007ffaa6282000 	C:\WINDOWS\SYSTEM32\dbgcore.DLL
0x00007ffab31b0000 - 0x00007ffab322b000 	C:\WINDOWS\System32\bcryptPrimitives.dll
0x00007ffa8a2c0000 - 0x00007ffa8a2de000 	C:\Program Files\Java\jdk-22\bin\java.dll
0x00007ffab46b0000 - 0x00007ffab4f17000 	C:\WINDOWS\System32\SHELL32.dll
0x00007ffab3e60000 - 0x00007ffab4005000 	C:\WINDOWS\System32\ole32.dll

dbghelp: loaded successfully - version: 4.0.5 - missing functions: none
symbol engine: initialized successfully - sym options: 0x614 - pdb path: .;C:\Program Files\Java\jdk-22\bin;C:\WINDOWS\SYSTEM32;C:\WINDOWS\WinSxS\amd64_microsoft.windows.common-controls_6595b64144ccf1df_6.0.22621.3672_none_2713b9d173822955;C:\Program Files\Java\jdk-22\bin\server

VM Arguments:
jvm_args: -Dfile.encoding=UTF-8 --module-path=C:\Users\shashi prakash tiwar\OneDrive\Documents\NetBeansProjects\Hospital Management\build\classes 
java_command: updatePatientRecord
java_class_path (initial): C:\Users\shashi prakash tiwar\OneDrive\Documents\NetBeansProjects\Hospital Management\lib\absolutelayout\AbsoluteLayout.jar;C:\Users\shashi prakash tiwar\Downloads\mysql-connector-j-9.0.0\mysql-connector-j-9.0.0\mysql-connector-j-9.0.0.jar;C:\Users\shashi prakash tiwar\Downloads\rs2xml.jar;C:\Users\shashi prakash tiwar\OneDrive\Documents\NetBeansProjects\Hospital Management\build\classes
Launcher Type: SUN_STANDARD

[Global flags]
     intx CICompilerCount                          = 4                                         {product} {ergonomic}
     uint ConcGCThreads                            = 3                                         {product} {ergonomic}
     uint G1ConcRefinementThreads                  = 10                                        {product} {ergonomic}
   size_t G1HeapRegionSize                         = 1048576                                   {product} {ergonomic}
   size_t InitialHeapSize                          = 123731968                                 {product} {ergonomic}
   size_t MarkStackSize                            = 4194304                                   {product} {ergonomic}
   size_t MaxHeapSize                              = 1973420032                                {product} {ergonomic}
   size_t MinHeapDeltaBytes                        = 1048576                                   {product} {ergonomic}
   size_t MinHeapSize                              = 8388608                                   {product} {ergonomic}
    uintx NonNMethodCodeHeapSize                   = 5839372                                {pd product} {ergonomic}
    uintx NonProfiledCodeHeapSize                  = 122909434                              {pd product} {ergonomic}
    uintx ProfiledCodeHeapSize                     = 122909434                              {pd product} {ergonomic}
    uintx ReservedCodeCacheSize                    = 251658240                              {pd product} {ergonomic}
     bool SegmentedCodeCache                       = true                                      {product} {ergonomic}
   size_t SoftMaxHeapSize                          = 1973420032                             {manageable} {ergonomic}
     bool UseCompressedOops                        = true                           {product lp64_product} {ergonomic}
     bool UseG1GC                                  = true                                      {product} {ergonomic}
     bool UseLargePagesIndividualAllocation        = false                                  {pd product} {ergonomic}

Logging:
Log output configuration:
 #0: stdout all=warning uptime,level,tags foldmultilines=false
 #1: stderr all=off uptime,level,tags foldmultilines=false

Environment Variables:
PATH=C:\Program Files\Common Files\Oracle\Java\javapath;C:\windows\system32;C:\windows;C:\windows\System32\Wbem;C:\windows\System32\WindowsPowerShell\v1.0\;C:\windows\System32\OpenSSH\;C:\Program Files (x86)\NVIDIA Corporation\PhysX\Common;C:\Program Files\NVIDIA Corporation\NVIDIA NvDLISR;C:\MinGW\bin;C:\WINDOWS\system32;C:\WINDOWS;C:\WINDOWS\System32\Wbem;C:\WINDOWS\System32\WindowsPowerShell\v1.0\;C:\WINDOWS\System32\OpenSSH\;C:\Program Files\Java\jdk1.8.0_131\bin;C:\Program Files\Git\cmd;C:\Program Files\Java\jdk-22\bin;C:\Users\shashi prakash tiwar\AppData\Local\Programs\Python\Python311\Scripts\;C:\Users\shashi prakash tiwar\AppData\Local\Programs\Python\Python311\;C:\Users\shashi prakash tiwar\AppData\Local\Microsoft\WindowsApps;C:\Users\shashi prakash tiwar\AppData\Local\Programs\Microsoft VS Code\bin;C:\Program Files\JetBrains\PyCharm 2022.2.2\bin;;C:\MinGW\bin;%JAVA_HOME%bin;C:\Program Files\Java\jdk1.8.0_131\bin;C:\Users\shashi prakash tiwar\AppData\Local\GitHubDesktop\bin;C:\ProgramData\shashi prakash tiwar\GitHubDesktop\bin;C:\Program Files\JetBrains\IntelliJ IDEA Community Edition 2024.1.4\bin;
USERNAME=shashi prakash tiwar
OS=Windows_NT
PROCESSOR_IDENTIFIER=AMD64 Family 25 Model 80 Stepping 0, AuthenticAMD
TMP=C:\Users\SHASHI~1\AppData\Local\Temp
TEMP=C:\Users\SHASHI~1\AppData\Local\Temp




Periodic native trim disabled

---------------  S Y S T E M  ---------------

OS:
 Windows 11 , 64 bit Build 22621 (10.0.22621.3958)
OS uptime: 6 days 13:18 hours
Hyper-V role detected

CPU: total 12 (initial active 12) (12 cores per cpu, 2 threads per core) family 25 model 80 stepping 0 microcode 0x0, cx8, cmov, fxsr, ht, mmx, 3dnowpref, sse, sse2, sse3, ssse3, sse4a, sse4.1, sse4.2, popcnt, lzcnt, tsc, tscinvbit, avx, avx2, aes, erms, clmul, bmi1, bmi2, adx, sha, fma, vzeroupper, clflush, clflushopt, hv, rdtscp, rdpid, fsrm, f16c, cet_ss
Processor Information for processor 0
  Max Mhz: 3301, Current Mhz: 1805, Mhz Limit: 3301
Processor Information for processor 1
  Max Mhz: 3301, Current Mhz: 1805, Mhz Limit: 3301
Processor Information for processor 2
  Max Mhz: 3301, Current Mhz: 1805, Mhz Limit: 3301
Processor Information for processor 3
  Max Mhz: 3301, Current Mhz: 1805, Mhz Limit: 3301
Processor Information for processor 4
  Max Mhz: 3301, Current Mhz: 1805, Mhz Limit: 3301
Processor Information for processor 5
  Max Mhz: 3301, Current Mhz: 1805, Mhz Limit: 3301
Processor Information for processor 6
  Max Mhz: 3301, Current Mhz: 1805, Mhz Limit: 3301
Processor Information for processor 7
  Max Mhz: 3301, Current Mhz: 1805, Mhz Limit: 3301
Processor Information for processor 8
  Max Mhz: 3301, Current Mhz: 3301, Mhz Limit: 3301
Processor Information for processor 9
  Max Mhz: 3301, Current Mhz: 1805, Mhz Limit: 3301
Processor Information for processor 10
  Max Mhz: 3301, Current Mhz: 1805, Mhz Limit: 3301
Processor Information for processor 11
  Max Mhz: 3301, Current Mhz: 1805, Mhz Limit: 3301

Memory: 4k page, system-wide physical 7521M (517M free)
TotalPageFile size 31073M (AvailPageFile size 70M)
current process WorkingSet (physical memory assigned to process): 12M, peak: 12M
current process commit charge ("private bytes"): 64M, peak: 182M

vm_info: Java HotSpot(TM) 64-Bit Server VM (22.0.2+9-70) for windows-amd64 JRE (22.0.2+9-70), built on 2024-06-04T16:52:23Z by "mach5one" with MS VC++ 17.6 (VS2022)

END.
