#
# There is insufficient memory for the Java Runtime Environment to continue.
# Native memory allocation (malloc) failed to allocate 32744 bytes. Error detail: Chunk::new
# Possible reasons:
#   The system is out of physical RAM or swap space
#   This process is running with CompressedOops enabled, and the Java Heap may be blocking the growth of the native heap
# Possible solutions:
#   Reduce memory load on the system
#   Increase physical memory or swap space
#   Check if swap backing store is full
#   Decrease Java heap size (-Xmx/-Xms)
#   Decrease number of Java threads
#   Decrease Java thread stack sizes (-Xss)
#   Set larger code cache with -XX:ReservedCodeCacheSize=
#   JVM is running with Unscaled Compressed Oops mode in which the Java heap is
#     placed in the first 4GB address space. The Java Heap base address is the
#     maximum limit for the native heap growth. Please use -XX:HeapBaseMinAddress
#     to set the Java Heap base and to place the Java Heap above 4GB virtual address.
# This output file may be truncated or incomplete.
#
#  Out of Memory Error (arena.cpp:150), pid=20592, tid=39172
#
# JRE version: Java(TM) SE Runtime Environment (22.0.2+9) (build 22.0.2+9-70)
# Java VM: Java HotSpot(TM) 64-Bit Server VM (22.0.2+9-70, mixed mode, sharing, tiered, compressed oops, compressed class ptrs, g1 gc, windows-amd64)
# No core dump will be written. Minidumps are not enabled by default on client versions of Windows
#

---------------  S U M M A R Y ------------

Command Line: -Dfile.encoding=UTF-8 --module-path=C:\Users\shashi prakash tiwar\OneDrive\Documents\NetBeansProjects\Hospital Management\build\classes home

Host: AMD Ryzen 5 5600H with Radeon Graphics         , 12 cores, 7G,  Windows 11 , 64 bit Build 22621 (10.0.22621.3958)
Time: Wed Sep  4 11:29:44 2024 India Standard Time elapsed time: 8067.979971 seconds (0d 2h 14m 27s)

---------------  T H R E A D  ---------------

Current thread (0x00000175a771c3b0):  JavaThread "C2 CompilerThread0" daemon [_thread_in_native, id=39172, stack(0x00000013b2e00000,0x00000013b2f00000) (1024K)]


Current CompileTask:
C2:8067981 1867       4       java.awt.MultipleGradientPaintContext::interpolate (202 bytes)

Stack: [0x00000013b2e00000,0x00000013b2f00000]
Native frames: (J=compiled Java code, j=interpreted, Vv=VM code, C=native code)
V  [jvm.dll+0x6e26e9]  (no source info available)
V  [jvm.dll+0x875753]  (no source info available)
V  [jvm.dll+0x877b7e]  (no source info available)
V  [jvm.dll+0x878253]  (no source info available)
V  [jvm.dll+0x27fc86]  (no source info available)
V  [jvm.dll+0xc3d0f]  (no source info available)
V  [jvm.dll+0xc40fb]  (no source info available)
V  [jvm.dll+0xc3bbb]  (no source info available)
V  [jvm.dll+0x6bf18c]  (no source info available)
V  [jvm.dll+0x61ec39]  (no source info available)
V  [jvm.dll+0x61a663]  (no source info available)
V  [jvm.dll+0x602854]  (no source info available)
V  [jvm.dll+0x606ae8]  (no source info available)
V  [jvm.dll+0x606379]  (no source info available)
V  [jvm.dll+0x606260]  (no source info available)
V  [jvm.dll+0x60c8e4]  (no source info available)
V  [jvm.dll+0x250c92]  (no source info available)
V  [jvm.dll+0x24937c]  (no source info available)
V  [jvm.dll+0x246da6]  (no source info available)
V  [jvm.dll+0x1c4e80]  (no source info available)
V  [jvm.dll+0x2568f3]  (no source info available)
V  [jvm.dll+0x254baa]  (no source info available)
V  [jvm.dll+0x3f57a6]  (no source info available)
V  [jvm.dll+0x81dc0b]  (no source info available)
V  [jvm.dll+0x6e0d85]  (no source info available)
C  [ucrtbase.dll+0x29333]  (no source info available)
C  [KERNEL32.DLL+0x1257d]  (no source info available)
C  [ntdll.dll+0x5af28]  (no source info available)


---------------  P R O C E S S  ---------------

Threads class SMR info:
_java_thread_list=0x00000175f35d23c0, length=17, elements={
0x00000175a76de630, 0x00000175a76e10a0, 0x00000175a76ed190, 0x00000175a76edf50,
0x00000175a76f1160, 0x00000175a77158c0, 0x00000175a771c3b0, 0x00000175a771ce60,
0x00000175a76b3bb0, 0x00000175a7a6eff0, 0x00000175a7bb7080, 0x00000175a7bbd340,
0x00000175a7bc7480, 0x00000175a7c5d170, 0x0000017588a60ba0, 0x00000175f3417810,
0x00000175f35b9cc0
}

Java Threads: ( => current thread )
  0x00000175a76de630 JavaThread "Reference Handler"          daemon [_thread_blocked, id=37272, stack(0x00000013b2800000,0x00000013b2900000) (1024K)]
  0x00000175a76e10a0 JavaThread "Finalizer"                  daemon [_thread_blocked, id=22808, stack(0x00000013b2900000,0x00000013b2a00000) (1024K)]
  0x00000175a76ed190 JavaThread "Signal Dispatcher"          daemon [_thread_blocked, id=42288, stack(0x00000013b2a00000,0x00000013b2b00000) (1024K)]
  0x00000175a76edf50 JavaThread "Attach Listener"            daemon [_thread_blocked, id=32084, stack(0x00000013b2b00000,0x00000013b2c00000) (1024K)]
  0x00000175a76f1160 JavaThread "Service Thread"             daemon [_thread_blocked, id=38368, stack(0x00000013b2c00000,0x00000013b2d00000) (1024K)]
  0x00000175a77158c0 JavaThread "Monitor Deflation Thread"   daemon [_thread_blocked, id=42832, stack(0x00000013b2d00000,0x00000013b2e00000) (1024K)]
=>0x00000175a771c3b0 JavaThread "C2 CompilerThread0"         daemon [_thread_in_native, id=39172, stack(0x00000013b2e00000,0x00000013b2f00000) (1024K)]
  0x00000175a771ce60 JavaThread "C1 CompilerThread0"         daemon [_thread_blocked, id=43532, stack(0x00000013b2f00000,0x00000013b3000000) (1024K)]
  0x00000175a76b3bb0 JavaThread "Common-Cleaner"             daemon [_thread_blocked, id=42612, stack(0x00000013b3000000,0x00000013b3100000) (1024K)]
  0x00000175a7a6eff0 JavaThread "Notification Thread"        daemon [_thread_blocked, id=19196, stack(0x00000013b3200000,0x00000013b3300000) (1024K)]
  0x00000175a7bb7080 JavaThread "Java2D Disposer"            daemon [_thread_blocked, id=34772, stack(0x00000013b3300000,0x00000013b3400000) (1024K)]
  0x00000175a7bbd340 JavaThread "AWT-Shutdown"                      [_thread_blocked, id=42868, stack(0x00000013b3400000,0x00000013b3500000) (1024K)]
  0x00000175a7bc7480 JavaThread "AWT-Windows"                daemon [_thread_in_native, id=2456, stack(0x00000013b3500000,0x00000013b3600000) (1024K)]
  0x00000175a7c5d170 JavaThread "AWT-EventQueue-0"                  [_thread_in_native, id=43112, stack(0x00000013b3600000,0x00000013b3700000) (1024K)]
  0x0000017588a60ba0 JavaThread "DestroyJavaVM"                     [_thread_blocked, id=35812, stack(0x00000013b2000000,0x00000013b2100000) (1024K)]
  0x00000175f3417810 JavaThread "D3D Screen Updater"         daemon [_thread_blocked, id=33500, stack(0x00000013b4200000,0x00000013b4300000) (1024K)]
  0x00000175f35b9cc0 JavaThread "TimerQueue"                 daemon [_thread_blocked, id=38176, stack(0x00000013b4300000,0x00000013b4400000) (1024K)]
Total: 17

Other Threads:
  0x00000175a76c9640 VMThread "VM Thread"                           [id=41036, stack(0x00000013b2700000,0x00000013b2800000) (1024K)]
  0x00000175a76b0af0 WatcherThread "VM Periodic Task Thread"        [id=34676, stack(0x00000013b2600000,0x00000013b2700000) (1024K)]
  0x000001758ad7fe10 WorkerThread "GC Thread#0"                     [id=30300, stack(0x00000013b2100000,0x00000013b2200000) (1024K)]
  0x000001758ad91620 ConcurrentGCThread "G1 Main Marker"            [id=31472, stack(0x00000013b2200000,0x00000013b2300000) (1024K)]
  0x000001758ad927e0 WorkerThread "G1 Conc#0"                       [id=40664, stack(0x00000013b2300000,0x00000013b2400000) (1024K)]
  0x00000175a7585990 ConcurrentGCThread "G1 Refine#0"               [id=30396, stack(0x00000013b2400000,0x00000013b2500000) (1024K)]
  0x00000175a75871d0 ConcurrentGCThread "G1 Service"                [id=19660, stack(0x00000013b2500000,0x00000013b2600000) (1024K)]
Total: 7

Threads with active compile tasks:
C2 CompilerThread0  8068186 1867       4       java.awt.MultipleGradientPaintContext::interpolate (202 bytes)
Total: 1

VM state: not at safepoint (normal execution)

VM Mutex/Monitor currently owned by a thread: None

Heap address: 0x000000008a600000, size: 1882 MB, Compressed Oops mode: 32-bit

CDS archive(s) mapped at: [0x00000175a8000000-0x00000175a8c60000-0x00000175a8c60000), size 12976128, SharedBaseAddress: 0x00000175a8000000, ArchiveRelocationMode: 1.
Compressed class space mapped at: 0x00000175a9000000-0x00000175e9000000, reserved size: 1073741824
Narrow klass base: 0x00000175a8000000, Narrow klass shift: 0, Narrow klass range: 0x41000000

GC Precious Log:
 CardTable entry size: 512
 Card Set container configuration: InlinePtr #cards 5 size 8 Array Of Cards #cards 12 size 40 Howl #buckets 4 coarsen threshold 1843 Howl Bitmap #cards 512 size 80 coarsen threshold 460 Card regions per heap region 1 cards per card region 2048
 CPUs: 12 total, 12 available
 Memory: 7521M
 Large Page Support: Disabled
 NUMA Support: Disabled
 Compressed Oops: Enabled (32-bit)
 Heap Region Size: 1M
 Heap Min Capacity: 8M
 Heap Initial Capacity: 118M
 Heap Max Capacity: 1882M
 Pre-touch: Disabled
 Parallel Workers: 10
 Concurrent Workers: 3
 Concurrent Refinement Workers: 10
 Periodic GC: Disabled

Heap:
 garbage-first heap   total reserved 1927168K, committed 120832K, used 35840K [0x000000008a600000, 0x0000000100000000)
  region size 1024K, 22 young (22528K), 0 survivors (0K)
 Metaspace       used 11685K, committed 11968K, reserved 1114112K
  class space    used 1343K, committed 1472K, reserved 1048576K

Heap Regions: E=young(eden), S=young(survivor), O=old, HS=humongous(starts), HC=humongous(continues), CS=collection set, F=free, TAMS=top-at-mark-start, PB=parsable bottom
|   0|0x000000008a600000, 0x000000008a700000, 0x000000008a700000|100%|HS|  |TAMS 0x000000008a600000| PB 0x000000008a600000| Complete |  0
|   1|0x000000008a700000, 0x000000008a800000, 0x000000008a800000|100%|HC|  |TAMS 0x000000008a700000| PB 0x000000008a700000| Complete |  0
|   2|0x000000008a800000, 0x000000008a900000, 0x000000008a900000|100%|HC|  |TAMS 0x000000008a800000| PB 0x000000008a800000| Complete |  0
|   3|0x000000008a900000, 0x000000008aa00000, 0x000000008aa00000|100%|HC|  |TAMS 0x000000008a900000| PB 0x000000008a900000| Complete |  0
|   4|0x000000008aa00000, 0x000000008ab00000, 0x000000008ab00000|100%|HC|  |TAMS 0x000000008aa00000| PB 0x000000008aa00000| Complete |  0
|   5|0x000000008ab00000, 0x000000008ac00000, 0x000000008ac00000|100%|HS|  |TAMS 0x000000008ab00000| PB 0x000000008ab00000| Complete |  0
|   6|0x000000008ac00000, 0x000000008ad00000, 0x000000008ad00000|100%|HC|  |TAMS 0x000000008ac00000| PB 0x000000008ac00000| Complete |  0
|   7|0x000000008ad00000, 0x000000008ae00000, 0x000000008ae00000|100%|HS|  |TAMS 0x000000008ad00000| PB 0x000000008ad00000| Complete |  0
|   8|0x000000008ae00000, 0x000000008af00000, 0x000000008af00000|100%|HC|  |TAMS 0x000000008ae00000| PB 0x000000008ae00000| Complete |  0
|   9|0x000000008af00000, 0x000000008b000000, 0x000000008b000000|100%|HC|  |TAMS 0x000000008af00000| PB 0x000000008af00000| Complete |  0
|  10|0x000000008b000000, 0x000000008b100000, 0x000000008b100000|100%|HC|  |TAMS 0x000000008b000000| PB 0x000000008b000000| Complete |  0
|  11|0x000000008b100000, 0x000000008b200000, 0x000000008b200000|100%|HC|  |TAMS 0x000000008b100000| PB 0x000000008b100000| Complete |  0
|  12|0x000000008b200000, 0x000000008b300000, 0x000000008b300000|100%|HC|  |TAMS 0x000000008b200000| PB 0x000000008b200000| Complete |  0
|  13|0x000000008b300000, 0x000000008b400000, 0x000000008b400000|100%|HC|  |TAMS 0x000000008b300000| PB 0x000000008b300000| Complete |  0
|  14|0x000000008b400000, 0x000000008b500000, 0x000000008b500000|100%|HC|  |TAMS 0x000000008b400000| PB 0x000000008b400000| Complete |  0
|  15|0x000000008b500000, 0x000000008b500000, 0x000000008b600000|  0%| F|  |TAMS 0x000000008b500000| PB 0x000000008b500000| Untracked |  0
|  16|0x000000008b600000, 0x000000008b600000, 0x000000008b700000|  0%| F|  |TAMS 0x000000008b600000| PB 0x000000008b600000| Untracked |  0
|  17|0x000000008b700000, 0x000000008b700000, 0x000000008b800000|  0%| F|  |TAMS 0x000000008b700000| PB 0x000000008b700000| Untracked |  0
|  18|0x000000008b800000, 0x000000008b800000, 0x000000008b900000|  0%| F|  |TAMS 0x000000008b800000| PB 0x000000008b800000| Untracked |  0
|  19|0x000000008b900000, 0x000000008b900000, 0x000000008ba00000|  0%| F|  |TAMS 0x000000008b900000| PB 0x000000008b900000| Untracked |  0
|  20|0x000000008ba00000, 0x000000008ba00000, 0x000000008bb00000|  0%| F|  |TAMS 0x000000008ba00000| PB 0x000000008ba00000| Untracked |  0
|  21|0x000000008bb00000, 0x000000008bb00000, 0x000000008bc00000|  0%| F|  |TAMS 0x000000008bb00000| PB 0x000000008bb00000| Untracked |  0
|  22|0x000000008bc00000, 0x000000008bc00000, 0x000000008bd00000|  0%| F|  |TAMS 0x000000008bc00000| PB 0x000000008bc00000| Untracked |  0
|  23|0x000000008bd00000, 0x000000008bd00000, 0x000000008be00000|  0%| F|  |TAMS 0x000000008bd00000| PB 0x000000008bd00000| Untracked |  0
|  24|0x000000008be00000, 0x000000008be00000, 0x000000008bf00000|  0%| F|  |TAMS 0x000000008be00000| PB 0x000000008be00000| Untracked |  0
|  25|0x000000008bf00000, 0x000000008bf00000, 0x000000008c000000|  0%| F|  |TAMS 0x000000008bf00000| PB 0x000000008bf00000| Untracked |  0
|  26|0x000000008c000000, 0x000000008c000000, 0x000000008c100000|  0%| F|  |TAMS 0x000000008c000000| PB 0x000000008c000000| Untracked |  0
|  27|0x000000008c100000, 0x000000008c100000, 0x000000008c200000|  0%| F|  |TAMS 0x000000008c100000| PB 0x000000008c100000| Untracked |  0
|  28|0x000000008c200000, 0x000000008c200000, 0x000000008c300000|  0%| F|  |TAMS 0x000000008c200000| PB 0x000000008c200000| Untracked |  0
|  29|0x000000008c300000, 0x000000008c300000, 0x000000008c400000|  0%| F|  |TAMS 0x000000008c300000| PB 0x000000008c300000| Untracked |  0
|  30|0x000000008c400000, 0x000000008c400000, 0x000000008c500000|  0%| F|  |TAMS 0x000000008c400000| PB 0x000000008c400000| Untracked |  0
|  31|0x000000008c500000, 0x000000008c500000, 0x000000008c600000|  0%| F|  |TAMS 0x000000008c500000| PB 0x000000008c500000| Untracked |  0
|  32|0x000000008c600000, 0x000000008c600000, 0x000000008c700000|  0%| F|  |TAMS 0x000000008c600000| PB 0x000000008c600000| Untracked |  0
|  33|0x000000008c700000, 0x000000008c700000, 0x000000008c800000|  0%| F|  |TAMS 0x000000008c700000| PB 0x000000008c700000| Untracked |  0
|  34|0x000000008c800000, 0x000000008c800000, 0x000000008c900000|  0%| F|  |TAMS 0x000000008c800000| PB 0x000000008c800000| Untracked |  0
|  35|0x000000008c900000, 0x000000008c900000, 0x000000008ca00000|  0%| F|  |TAMS 0x000000008c900000| PB 0x000000008c900000| Untracked |  0
|  36|0x000000008ca00000, 0x000000008ca00000, 0x000000008cb00000|  0%| F|  |TAMS 0x000000008ca00000| PB 0x000000008ca00000| Untracked |  0
|  37|0x000000008cb00000, 0x000000008cb00000, 0x000000008cc00000|  0%| F|  |TAMS 0x000000008cb00000| PB 0x000000008cb00000| Untracked |  0
|  38|0x000000008cc00000, 0x000000008cc00000, 0x000000008cd00000|  0%| F|  |TAMS 0x000000008cc00000| PB 0x000000008cc00000| Untracked |  0
|  39|0x000000008cd00000, 0x000000008cd00000, 0x000000008ce00000|  0%| F|  |TAMS 0x000000008cd00000| PB 0x000000008cd00000| Untracked |  0
|  40|0x000000008ce00000, 0x000000008ce00000, 0x000000008cf00000|  0%| F|  |TAMS 0x000000008ce00000| PB 0x000000008ce00000| Untracked |  0
|  41|0x000000008cf00000, 0x000000008cf00000, 0x000000008d000000|  0%| F|  |TAMS 0x000000008cf00000| PB 0x000000008cf00000| Untracked |  0
|  42|0x000000008d000000, 0x000000008d000000, 0x000000008d100000|  0%| F|  |TAMS 0x000000008d000000| PB 0x000000008d000000| Untracked |  0
|  43|0x000000008d100000, 0x000000008d100000, 0x000000008d200000|  0%| F|  |TAMS 0x000000008d100000| PB 0x000000008d100000| Untracked |  0
|  44|0x000000008d200000, 0x000000008d200000, 0x000000008d300000|  0%| F|  |TAMS 0x000000008d200000| PB 0x000000008d200000| Untracked |  0
|  45|0x000000008d300000, 0x000000008d300000, 0x000000008d400000|  0%| F|  |TAMS 0x000000008d300000| PB 0x000000008d300000| Untracked |  0
|  46|0x000000008d400000, 0x000000008d400000, 0x000000008d500000|  0%| F|  |TAMS 0x000000008d400000| PB 0x000000008d400000| Untracked |  0
|  47|0x000000008d500000, 0x000000008d500000, 0x000000008d600000|  0%| F|  |TAMS 0x000000008d500000| PB 0x000000008d500000| Untracked |  0
|  48|0x000000008d600000, 0x000000008d600000, 0x000000008d700000|  0%| F|  |TAMS 0x000000008d600000| PB 0x000000008d600000| Untracked |  0
|  49|0x000000008d700000, 0x000000008d700000, 0x000000008d800000|  0%| F|  |TAMS 0x000000008d700000| PB 0x000000008d700000| Untracked |  0
|  50|0x000000008d800000, 0x000000008d800000, 0x000000008d900000|  0%| F|  |TAMS 0x000000008d800000| PB 0x000000008d800000| Untracked |  0
|  51|0x000000008d900000, 0x000000008d900000, 0x000000008da00000|  0%| F|  |TAMS 0x000000008d900000| PB 0x000000008d900000| Untracked |  0
|  52|0x000000008da00000, 0x000000008da00000, 0x000000008db00000|  0%| F|  |TAMS 0x000000008da00000| PB 0x000000008da00000| Untracked |  0
|  53|0x000000008db00000, 0x000000008db00000, 0x000000008dc00000|  0%| F|  |TAMS 0x000000008db00000| PB 0x000000008db00000| Untracked |  0
|  54|0x000000008dc00000, 0x000000008dc00000, 0x000000008dd00000|  0%| F|  |TAMS 0x000000008dc00000| PB 0x000000008dc00000| Untracked |  0
|  55|0x000000008dd00000, 0x000000008dd00000, 0x000000008de00000|  0%| F|  |TAMS 0x000000008dd00000| PB 0x000000008dd00000| Untracked |  0
|  56|0x000000008de00000, 0x000000008de00000, 0x000000008df00000|  0%| F|  |TAMS 0x000000008de00000| PB 0x000000008de00000| Untracked |  0
|  57|0x000000008df00000, 0x000000008df00000, 0x000000008e000000|  0%| F|  |TAMS 0x000000008df00000| PB 0x000000008df00000| Untracked |  0
|  58|0x000000008e000000, 0x000000008e000000, 0x000000008e100000|  0%| F|  |TAMS 0x000000008e000000| PB 0x000000008e000000| Untracked |  0
|  59|0x000000008e100000, 0x000000008e100000, 0x000000008e200000|  0%| F|  |TAMS 0x000000008e100000| PB 0x000000008e100000| Untracked |  0
|  60|0x000000008e200000, 0x000000008e200000, 0x000000008e300000|  0%| F|  |TAMS 0x000000008e200000| PB 0x000000008e200000| Untracked |  0
|  61|0x000000008e300000, 0x000000008e300000, 0x000000008e400000|  0%| F|  |TAMS 0x000000008e300000| PB 0x000000008e300000| Untracked |  0
|  62|0x000000008e400000, 0x000000008e400000, 0x000000008e500000|  0%| F|  |TAMS 0x000000008e400000| PB 0x000000008e400000| Untracked |  0
|  63|0x000000008e500000, 0x000000008e500000, 0x000000008e600000|  0%| F|  |TAMS 0x000000008e500000| PB 0x000000008e500000| Untracked |  0
|  64|0x000000008e600000, 0x000000008e600000, 0x000000008e700000|  0%| F|  |TAMS 0x000000008e600000| PB 0x000000008e600000| Untracked |  0
|  65|0x000000008e700000, 0x000000008e700000, 0x000000008e800000|  0%| F|  |TAMS 0x000000008e700000| PB 0x000000008e700000| Untracked |  0
|  66|0x000000008e800000, 0x000000008e800000, 0x000000008e900000|  0%| F|  |TAMS 0x000000008e800000| PB 0x000000008e800000| Untracked |  0
|  67|0x000000008e900000, 0x000000008e900000, 0x000000008ea00000|  0%| F|  |TAMS 0x000000008e900000| PB 0x000000008e900000| Untracked |  0
|  68|0x000000008ea00000, 0x000000008ea00000, 0x000000008eb00000|  0%| F|  |TAMS 0x000000008ea00000| PB 0x000000008ea00000| Untracked |  0
|  69|0x000000008eb00000, 0x000000008eb00000, 0x000000008ec00000|  0%| F|  |TAMS 0x000000008eb00000| PB 0x000000008eb00000| Untracked |  0
|  70|0x000000008ec00000, 0x000000008ec00000, 0x000000008ed00000|  0%| F|  |TAMS 0x000000008ec00000| PB 0x000000008ec00000| Untracked |  0
|  71|0x000000008ed00000, 0x000000008ed00000, 0x000000008ee00000|  0%| F|  |TAMS 0x000000008ed00000| PB 0x000000008ed00000| Untracked |  0
|  72|0x000000008ee00000, 0x000000008ee00000, 0x000000008ef00000|  0%| F|  |TAMS 0x000000008ee00000| PB 0x000000008ee00000| Untracked |  0
|  73|0x000000008ef00000, 0x000000008ef00000, 0x000000008f000000|  0%| F|  |TAMS 0x000000008ef00000| PB 0x000000008ef00000| Untracked |  0
|  74|0x000000008f000000, 0x000000008f000000, 0x000000008f100000|  0%| F|  |TAMS 0x000000008f000000| PB 0x000000008f000000| Untracked |  0
|  75|0x000000008f100000, 0x000000008f100000, 0x000000008f200000|  0%| F|  |TAMS 0x000000008f100000| PB 0x000000008f100000| Untracked |  0
|  76|0x000000008f200000, 0x000000008f200000, 0x000000008f300000|  0%| F|  |TAMS 0x000000008f200000| PB 0x000000008f200000| Untracked |  0
|  77|0x000000008f300000, 0x000000008f300000, 0x000000008f400000|  0%| F|  |TAMS 0x000000008f300000| PB 0x000000008f300000| Untracked |  0
|  78|0x000000008f400000, 0x000000008f400000, 0x000000008f500000|  0%| F|  |TAMS 0x000000008f400000| PB 0x000000008f400000| Untracked |  0
|  79|0x000000008f500000, 0x000000008f500000, 0x000000008f600000|  0%| F|  |TAMS 0x000000008f500000| PB 0x000000008f500000| Untracked |  0
|  80|0x000000008f600000, 0x000000008f600000, 0x000000008f700000|  0%| F|  |TAMS 0x000000008f600000| PB 0x000000008f600000| Untracked |  0
|  81|0x000000008f700000, 0x000000008f700000, 0x000000008f800000|  0%| F|  |TAMS 0x000000008f700000| PB 0x000000008f700000| Untracked |  0
|  82|0x000000008f800000, 0x000000008f800000, 0x000000008f900000|  0%| F|  |TAMS 0x000000008f800000| PB 0x000000008f800000| Untracked |  0
|  83|0x000000008f900000, 0x000000008f900000, 0x000000008fa00000|  0%| F|  |TAMS 0x000000008f900000| PB 0x000000008f900000| Untracked |  0
|  84|0x000000008fa00000, 0x000000008fa00000, 0x000000008fb00000|  0%| F|  |TAMS 0x000000008fa00000| PB 0x000000008fa00000| Untracked |  0
|  85|0x000000008fb00000, 0x000000008fb00000, 0x000000008fc00000|  0%| F|  |TAMS 0x000000008fb00000| PB 0x000000008fb00000| Untracked |  0
|  86|0x000000008fc00000, 0x000000008fc00000, 0x000000008fd00000|  0%| F|  |TAMS 0x000000008fc00000| PB 0x000000008fc00000| Untracked |  0
|  87|0x000000008fd00000, 0x000000008fd00000, 0x000000008fe00000|  0%| F|  |TAMS 0x000000008fd00000| PB 0x000000008fd00000| Untracked |  0
|  88|0x000000008fe00000, 0x000000008fe00000, 0x000000008ff00000|  0%| F|  |TAMS 0x000000008fe00000| PB 0x000000008fe00000| Untracked |  0
|  89|0x000000008ff00000, 0x000000008ff00000, 0x0000000090000000|  0%| F|  |TAMS 0x000000008ff00000| PB 0x000000008ff00000| Untracked |  0
|  90|0x0000000090000000, 0x0000000090000000, 0x0000000090100000|  0%| F|  |TAMS 0x0000000090000000| PB 0x0000000090000000| Untracked |  0
|  91|0x0000000090100000, 0x0000000090100000, 0x0000000090200000|  0%| F|  |TAMS 0x0000000090100000| PB 0x0000000090100000| Untracked |  0
|  92|0x0000000090200000, 0x0000000090200000, 0x0000000090300000|  0%| F|  |TAMS 0x0000000090200000| PB 0x0000000090200000| Untracked |  0
|  93|0x0000000090300000, 0x0000000090300000, 0x0000000090400000|  0%| F|  |TAMS 0x0000000090300000| PB 0x0000000090300000| Untracked |  0
|  94|0x0000000090400000, 0x0000000090400000, 0x0000000090500000|  0%| F|  |TAMS 0x0000000090400000| PB 0x0000000090400000| Untracked |  0
|  95|0x0000000090500000, 0x0000000090500000, 0x0000000090600000|  0%| F|  |TAMS 0x0000000090500000| PB 0x0000000090500000| Untracked |  0
|  96|0x0000000090600000, 0x00000000906f5c50, 0x0000000090700000| 96%| E|  |TAMS 0x0000000090600000| PB 0x0000000090600000| Complete |  0
|  97|0x0000000090700000, 0x0000000090800000, 0x0000000090800000|100%| E|CS|TAMS 0x0000000090700000| PB 0x0000000090700000| Complete |  0
|  98|0x0000000090800000, 0x0000000090900000, 0x0000000090900000|100%| E|CS|TAMS 0x0000000090800000| PB 0x0000000090800000| Complete |  1
|  99|0x0000000090900000, 0x0000000090a00000, 0x0000000090a00000|100%| E|CS|TAMS 0x0000000090900000| PB 0x0000000090900000| Complete |  0
| 100|0x0000000090a00000, 0x0000000090b00000, 0x0000000090b00000|100%| E|CS|TAMS 0x0000000090a00000| PB 0x0000000090a00000| Complete |  0
| 101|0x0000000090b00000, 0x0000000090c00000, 0x0000000090c00000|100%| E|CS|TAMS 0x0000000090b00000| PB 0x0000000090b00000| Complete |  0
| 102|0x0000000090c00000, 0x0000000090d00000, 0x0000000090d00000|100%| E|CS|TAMS 0x0000000090c00000| PB 0x0000000090c00000| Complete |  0
| 103|0x0000000090d00000, 0x0000000090e00000, 0x0000000090e00000|100%| E|  |TAMS 0x0000000090d00000| PB 0x0000000090d00000| Complete |  0
| 104|0x0000000090e00000, 0x0000000090f00000, 0x0000000090f00000|100%| E|CS|TAMS 0x0000000090e00000| PB 0x0000000090e00000| Complete |  0
| 105|0x0000000090f00000, 0x0000000091000000, 0x0000000091000000|100%| E|CS|TAMS 0x0000000090f00000| PB 0x0000000090f00000| Complete |  0
| 106|0x0000000091000000, 0x0000000091100000, 0x0000000091100000|100%| E|CS|TAMS 0x0000000091000000| PB 0x0000000091000000| Complete |  0
| 107|0x0000000091100000, 0x0000000091200000, 0x0000000091200000|100%| E|CS|TAMS 0x0000000091100000| PB 0x0000000091100000| Complete |  0
| 108|0x0000000091200000, 0x0000000091300000, 0x0000000091300000|100%| E|CS|TAMS 0x0000000091200000| PB 0x0000000091200000| Complete |  0
| 109|0x0000000091300000, 0x0000000091400000, 0x0000000091400000|100%| E|CS|TAMS 0x0000000091300000| PB 0x0000000091300000| Complete |  0
| 110|0x0000000091400000, 0x0000000091500000, 0x0000000091500000|100%| E|CS|TAMS 0x0000000091400000| PB 0x0000000091400000| Complete |  0
| 111|0x0000000091500000, 0x0000000091600000, 0x0000000091600000|100%| E|CS|TAMS 0x0000000091500000| PB 0x0000000091500000| Complete |  0
| 112|0x0000000091600000, 0x0000000091700000, 0x0000000091700000|100%| E|CS|TAMS 0x0000000091600000| PB 0x0000000091600000| Complete |  0
| 113|0x0000000091700000, 0x0000000091800000, 0x0000000091800000|100%| E|CS|TAMS 0x0000000091700000| PB 0x0000000091700000| Complete |  0
| 114|0x0000000091800000, 0x0000000091900000, 0x0000000091900000|100%| E|CS|TAMS 0x0000000091800000| PB 0x0000000091800000| Complete |  0
| 115|0x0000000091900000, 0x0000000091a00000, 0x0000000091a00000|100%| E|CS|TAMS 0x0000000091900000| PB 0x0000000091900000| Complete |  0
| 116|0x0000000091a00000, 0x0000000091b00000, 0x0000000091b00000|100%| E|CS|TAMS 0x0000000091a00000| PB 0x0000000091a00000| Complete |  0
| 117|0x0000000091b00000, 0x0000000091c00000, 0x0000000091c00000|100%| E|CS|TAMS 0x0000000091b00000| PB 0x0000000091b00000| Complete |  0

Card table byte_map: [0x00000175a2980000,0x00000175a2d30000] _byte_map_base: 0x00000175a252d000

Marking Bits: (CMBitMap*) 0x000001758ad80c40
 Bits: [0x00000175a2d30000, 0x00000175a4a98000)

Polling page: 0x000001758a4f0000

Metaspace:

Usage:
  Non-class:     10.10 MB used.
      Class:      1.31 MB used.
       Both:     11.41 MB used.

Virtual space:
  Non-class space:       64.00 MB reserved,      10.25 MB ( 16%) committed,  1 nodes.
      Class space:        1.00 GB reserved,       1.44 MB ( <1%) committed,  1 nodes.
             Both:        1.06 GB reserved,      11.69 MB (  1%) committed. 

Chunk freelists:
   Non-Class:  4.98 MB
       Class:  14.59 MB
        Both:  19.57 MB

MaxMetaspaceSize: unlimited
CompressedClassSpaceSize: 1.00 GB
Initial GC threshold: 21.00 MB
Current GC threshold: 21.00 MB
CDS: on
 - commit_granule_bytes: 65536.
 - commit_granule_words: 8192.
 - virtual_space_node_default_size: 8388608.
 - enlarge_chunks_in_place: 1.
 - use_allocation_guard: 0.


Internal statistics:

num_allocs_failed_limit: 0.
num_arena_births: 166.
num_arena_deaths: 0.
num_vsnodes_births: 2.
num_vsnodes_deaths: 0.
num_space_committed: 187.
num_space_uncommitted: 0.
num_chunks_returned_to_freelist: 0.
num_chunks_taken_from_freelist: 217.
num_chunk_merges: 0.
num_chunk_splits: 128.
num_chunks_enlarged: 57.
num_inconsistent_stats: 0.

CodeHeap 'non-profiled nmethods': size=120000Kb used=759Kb max_used=759Kb free=119240Kb
 bounds [0x000001759ab50000, 0x000001759adc0000, 0x00000175a2080000]
CodeHeap 'profiled nmethods': size=120000Kb used=3319Kb max_used=3319Kb free=116680Kb
 bounds [0x0000017593080000, 0x00000175933c0000, 0x000001759a5b0000]
CodeHeap 'non-nmethods': size=5760Kb used=1667Kb max_used=1707Kb free=4092Kb
 bounds [0x000001759a5b0000, 0x000001759a820000, 0x000001759ab50000]
 total_blobs=2581 nmethods=1869 adapters=617
 compilation: enabled
              stopped_count=0, restarted_count=0
 full_count=0

Compilation events (20 events):
Event: 7981.159 Thread 0x00000175a771ce60 1855       3       java.util.concurrent.locks.AbstractQueuedSynchronizer$ConditionObject::enableWait (84 bytes)
Event: 7981.161 Thread 0x00000175a771ce60 nmethod 1855 0x00000175933b5390 code [0x00000175933b55c0, 0x00000175933b5d00]
Event: 7981.161 Thread 0x00000175a771ce60 1856       3       java.util.concurrent.locks.AbstractQueuedSynchronizer$Node::setStatusRelaxed (12 bytes)
Event: 7981.162 Thread 0x00000175a771ce60 nmethod 1856 0x00000175933b5f90 code [0x00000175933b6120, 0x00000175933b6238]
Event: 8067.065 Thread 0x00000175a771ce60 1857       3       sun.font.FontDesignMetrics::getHeight (35 bytes)
Event: 8067.067 Thread 0x00000175a771ce60 nmethod 1857 0x00000175933b6310 code [0x00000175933b64c0, 0x00000175933b66c8]
Event: 8067.140 Thread 0x00000175a771ce60 1858       1       sun.java2d.d3d.D3DVolatileSurfaceManager::isAccelerationEnabled (5 bytes)
Event: 8067.140 Thread 0x00000175a771ce60 nmethod 1858 0x000001759ac0cc10 code [0x000001759ac0cda0, 0x000001759ac0ce70]
Event: 8067.770 Thread 0x00000175a771c3b0 1859       4       sun.java2d.StateTrackableDelegate::markDirty (6 bytes)
Event: 8067.770 Thread 0x00000175a771ce60 1860       3       java.util.concurrent.locks.ReentrantReadWriteLock$Sync::exclusiveCount (5 bytes)
Event: 8067.771 Thread 0x00000175a771ce60 nmethod 1860 0x00000175933b6790 code [0x00000175933b6920, 0x00000175933b6a18]
Event: 8067.772 Thread 0x00000175a771c3b0 nmethod 1859 0x000001759ac0cf10 code [0x000001759ac0d080, 0x000001759ac0d158]
Event: 8067.856 Thread 0x00000175a771ce60 1861       3       java.awt.geom.Point2D$Float::<init> (15 bytes)
Event: 8067.858 Thread 0x00000175a771ce60 nmethod 1861 0x00000175933b6a90 code [0x00000175933b6c40, 0x00000175933b6e10]
Event: 8067.858 Thread 0x00000175a771ce60 1862       3       javax.swing.plaf.nimbus.AbstractRegionPainter::decodeColor (14 bytes)
Event: 8067.860 Thread 0x00000175a771ce60 nmethod 1862 0x00000175933b6f10 code [0x00000175933b70c0, 0x00000175933b73c8]
Event: 8067.860 Thread 0x00000175a771ce60 1863       3       javax.swing.plaf.nimbus.NimbusLookAndFeel::deriveARGB (123 bytes)
Event: 8067.863 Thread 0x00000175a771ce60 nmethod 1863 0x00000175933b7510 code [0x00000175933b7820, 0x00000175933b8e88]
Event: 8067.969 Thread 0x00000175a771ce60 1864       3       sun.java2d.pipe.AlphaPaintPipe::renderPathTile (491 bytes)
Event: 8067.971 Thread 0x00000175a771c3b0 1867       4       java.awt.MultipleGradientPaintContext::interpolate (202 bytes)

GC Heap History (0 events):
No events

Dll operation events (10 events):
Event: 0.013 Loaded shared library C:\Program Files\Java\jdk-22\bin\java.dll
Event: 0.049 Loaded shared library C:\Program Files\Java\jdk-22\bin\jsvml.dll
Event: 0.073 Loaded shared library C:\Program Files\Java\jdk-22\bin\net.dll
Event: 0.075 Loaded shared library C:\Program Files\Java\jdk-22\bin\nio.dll
Event: 0.095 Loaded shared library C:\Program Files\Java\jdk-22\bin\zip.dll
Event: 0.107 Loaded shared library C:\Program Files\Java\jdk-22\bin\jimage.dll
Event: 0.119 Loaded shared library C:\Program Files\Java\jdk-22\bin\awt.dll
Event: 0.222 Loaded shared library C:\Program Files\Java\jdk-22\bin\freetype.dll
Event: 0.223 Loaded shared library C:\Program Files\Java\jdk-22\bin\fontmanager.dll
Event: 0.417 Loaded shared library C:\Program Files\Java\jdk-22\bin\javajpeg.dll

Deoptimization events (20 events):
Event: 437.409 Thread 0x00000175f3417810 Uncommon trap: trap_request=0xffffffcc fr.pc=0x000001759ac06c88 relative=0x0000000000000248
Event: 437.409 Thread 0x00000175f3417810 Uncommon trap: reason=intrinsic_or_type_checked_inlining action=make_not_entrant pc=0x000001759ac06c88 method=java.util.Arrays.copyOf([Ljava/lang/Object;ILjava/lang/Class;)[Ljava/lang/Object; @ 35 c2
Event: 437.409 Thread 0x00000175f3417810 DEOPT PACKING pc=0x000001759ac06c88 sp=0x00000013b42ff5c0
Event: 437.409 Thread 0x00000175f3417810 DEOPT UNPACKING pc=0x000001759a6046a2 sp=0x00000013b42ff550 mode 2
Event: 546.183 Thread 0x00000175f3417810 Uncommon trap: trap_request=0xffffffdc fr.pc=0x000001759ac07cf0 relative=0x00000000000001b0
Event: 546.183 Thread 0x00000175f3417810 Uncommon trap: reason=class_check action=make_not_entrant pc=0x000001759ac07cf0 method=java.util.ArrayList.toArray([Ljava/lang/Object;)[Ljava/lang/Object; @ 21 c2
Event: 546.183 Thread 0x00000175f3417810 DEOPT PACKING pc=0x000001759ac07cf0 sp=0x00000013b42ff620
Event: 546.183 Thread 0x00000175f3417810 DEOPT UNPACKING pc=0x000001759a6046a2 sp=0x00000013b42ff5e0 mode 2
Event: 4278.021 Thread 0x00000175f3417810 DEOPT PACKING pc=0x00000175933af009 sp=0x00000013b42ff5c0
Event: 4278.022 Thread 0x00000175f3417810 DEOPT UNPACKING pc=0x000001759a604e42 sp=0x00000013b42feb60 mode 0
Event: 8067.200 Thread 0x00000175f3417810 Uncommon trap: trap_request=0xffffff45 fr.pc=0x000001759ac09ff4 relative=0x00000000000008f4
Event: 8067.201 Thread 0x00000175f3417810 Uncommon trap: reason=unstable_if action=reinterpret pc=0x000001759ac09ff4 method=sun.java2d.d3d.D3DSurfaceData$D3DWindowSurfaceData.isDirty()Z @ 9 c2
Event: 8067.201 Thread 0x00000175f3417810 DEOPT PACKING pc=0x000001759ac09ff4 sp=0x00000013b42ff6c0
Event: 8067.201 Thread 0x00000175f3417810 DEOPT UNPACKING pc=0x000001759a6046a2 sp=0x00000013b42ff608 mode 2
Event: 8067.770 Thread 0x00000175f3417810 Uncommon trap: trap_request=0xffffff45 fr.pc=0x000001759ac060b4 relative=0x0000000000000094
Event: 8067.770 Thread 0x00000175f3417810 Uncommon trap: reason=unstable_if action=reinterpret pc=0x000001759ac060b4 method=sun.java2d.d3d.D3DSurfaceData$D3DWindowSurfaceData.isDirty()Z @ 9 c2
Event: 8067.770 Thread 0x00000175f3417810 DEOPT PACKING pc=0x000001759ac060b4 sp=0x00000013b42ff670
Event: 8067.770 Thread 0x00000175f3417810 DEOPT UNPACKING pc=0x000001759a6046a2 sp=0x00000013b42ff600 mode 2
Event: 8067.971 Thread 0x00000175a7c5d170 DEOPT PACKING pc=0x000001759325ec0e sp=0x00000013b36fcbf0
Event: 8067.971 Thread 0x00000175a7c5d170 DEOPT UNPACKING pc=0x000001759a604e42 sp=0x00000013b36fc078 mode 0

Classes loaded (20 events):
Event: 4.196 Loading class java/util/concurrent/BlockingQueue done
Event: 4.196 Loading class java/util/concurrent/DelayQueue done
Event: 4.197 Loading class java/util/PriorityQueue
Event: 4.197 Loading class java/util/PriorityQueue done
Event: 4.197 Loading class javax/swing/TimerQueue$DelayedTimer
Event: 4.197 Loading class java/util/concurrent/Delayed
Event: 4.197 Loading class java/util/concurrent/Delayed done
Event: 4.198 Loading class javax/swing/TimerQueue$DelayedTimer done
Event: 4.701 Loading class javax/swing/Timer$1
Event: 4.702 Loading class javax/swing/Timer$1 done
Event: 5.626 Loading class java/awt/LightweightDispatcher$2
Event: 5.626 Loading class java/awt/LightweightDispatcher$2 done
Event: 9.044 Loading class java/awt/KeyboardFocusManager$2
Event: 9.044 Loading class java/awt/KeyboardFocusManager$2 done
Event: 9.044 Loading class sun/awt/SunToolkit$1
Event: 9.045 Loading class sun/awt/SunToolkit$1 done
Event: 8048.814 Loading class java/awt/desktop/SystemSleepListener
Event: 8048.825 Loading class java/awt/desktop/SystemEventListener
Event: 8048.832 Loading class java/awt/desktop/SystemEventListener done
Event: 8048.832 Loading class java/awt/desktop/SystemSleepListener done

Classes unloaded (0 events):
No events

Classes redefined (0 events):
No events

Internal exceptions (20 events):
Event: 0.257 Thread 0x0000017588a60ba0 Exception <a 'java/lang/ClassNotFoundException'{0x00000000916e3cf8}: ToolBarSeparator> (0x00000000916e3cf8) 
thrown [s\open\src\hotspot\share\classfile\systemDictionary.cpp, line 313]
Event: 0.257 Thread 0x0000017588a60ba0 Exception <a 'java/lang/ClassNotFoundException'{0x00000000916e4200}: ToolTip> (0x00000000916e4200) 
thrown [s\open\src\hotspot\share\classfile\systemDictionary.cpp, line 313]
Event: 0.258 Thread 0x0000017588a60ba0 Exception <a 'java/lang/ClassNotFoundException'{0x00000000916e4b40}: Tree> (0x00000000916e4b40) 
thrown [s\open\src\hotspot\share\classfile\systemDictionary.cpp, line 313]
Event: 0.258 Thread 0x0000017588a60ba0 Exception <a 'java/lang/ClassNotFoundException'{0x00000000916e5038}: Tree> (0x00000000916e5038) 
thrown [s\open\src\hotspot\share\classfile\systemDictionary.cpp, line 313]
Event: 0.258 Thread 0x0000017588a60ba0 Exception <a 'java/lang/ClassNotFoundException'{0x00000000916e53a8}: javax/swing/JTreeCell> (0x00000000916e53a8) 
thrown [s\open\src\hotspot\share\classfile\systemDictionary.cpp, line 313]
Event: 0.258 Thread 0x0000017588a60ba0 Exception <a 'java/lang/ClassNotFoundException'{0x00000000916e56b0}: TreeCell> (0x00000000916e56b0) 
thrown [s\open\src\hotspot\share\classfile\systemDictionary.cpp, line 313]
Event: 0.258 Thread 0x0000017588a60ba0 Exception <a 'java/lang/ClassNotFoundException'{0x00000000916e5e58}: RootPane> (0x00000000916e5e58) 
thrown [s\open\src\hotspot\share\classfile\systemDictionary.cpp, line 313]
Event: 0.259 Thread 0x0000017588a60ba0 Exception <a 'java/lang/ClassNotFoundException'{0x00000000916e8be8}: com/sun/swing/internal/plaf/metal/resources/spi/metalProvider> (0x00000000916e8be8) 
thrown [s\open\src\hotspot\share\classfile\systemDictionary.cpp, line 313]
Event: 0.260 Thread 0x0000017588a60ba0 Exception <a 'java/lang/ClassNotFoundException'{0x00000000916ec898}: com/sun/swing/internal/plaf/basic/resources/spi/basicProvider> (0x00000000916ec898) 
thrown [s\open\src\hotspot\share\classfile\systemDictionary.cpp, line 313]
Event: 0.321 Thread 0x00000175a7c5d170 Exception <a 'java/lang/ClassNotFoundException'{0x00000000915902e8}: com/sun/swing/internal/plaf/synth/resources/spi/synthProvider> (0x00000000915902e8) 
thrown [s\open\src\hotspot\share\classfile\systemDictionary.cpp, line 313]
Event: 0.335 Thread 0x00000175a7c5d170 Exception <a 'java/lang/NoSuchMethodError'{0x00000000915d3a68}: 'int java.lang.invoke.Invokers$Holder.invokeExact_MT(java.lang.Object, java.lang.Object)'> (0x00000000915d3a68) 
thrown [s\open\src\hotspot\share\interpreter\linkResolver.cpp, line 774]
Event: 0.338 Thread 0x00000175a7c5d170 Exception <a 'java/lang/NoSuchMethodError'{0x00000000915d99d0}: 'java.lang.Object java.lang.invoke.DirectMethodHandle$Holder.newInvokeSpecial(java.lang.Object, java.lang.Object, int)'> (0x00000000915d99d0) 
thrown [s\open\src\hotspot\share\interpreter\linkResolver.cpp, line 774]
Event: 0.338 Thread 0x00000175a7c5d170 Exception <a 'java/lang/NoSuchMethodError'{0x00000000915dea90}: 'int java.lang.invoke.DirectMethodHandle$Holder.invokeSpecial(java.lang.Object, java.lang.Object, java.lang.Object, int)'> (0x00000000915dea90) 
thrown [s\open\src\hotspot\share\interpreter\linkResolver.cpp, line 774]
Event: 0.340 Thread 0x00000175a7c5d170 Exception <a 'java/lang/NoSuchMethodError'{0x00000000915f1448}: 'java.lang.Object java.lang.invoke.DirectMethodHandle$Holder.invokeStatic(java.lang.Object, java.lang.Object, java.lang.Object, java.lang.Object, int)'> (0x00000000915f1448) 
thrown [s\open\src\hotspot\share\interpreter\linkResolver.cpp, line 774]
Event: 0.341 Thread 0x00000175a7c5d170 Exception <a 'java/lang/NoSuchMethodError'{0x00000000914073a0}: 'int java.lang.invoke.DirectMethodHandle$Holder.invokeSpecial(java.lang.Object, java.lang.Object, java.lang.Object)'> (0x00000000914073a0) 
thrown [s\open\src\hotspot\share\interpreter\linkResolver.cpp, line 774]
Event: 0.391 Thread 0x00000175ee8bc0c0 Exception <a 'java/lang/NoSuchMethodError'{0x000000009122b110}: 'java.lang.Object java.lang.invoke.DirectMethodHandle$Holder.newInvokeSpecial(java.lang.Object, java.lang.Object, java.lang.Object, int, int, int, int, int)'> (0x000000009122b110) 
thrown [s\open\src\hotspot\share\interpreter\linkResolver.cpp, line 774]
Event: 0.450 Thread 0x00000175a7c5d170 Exception <a 'java/lang/NoSuchMethodError'{0x000000009145bd68}: 'void java.lang.invoke.DirectMethodHandle$Holder.invokeStaticInit(java.lang.Object)'> (0x000000009145bd68) 
thrown [s\open\src\hotspot\share\interpreter\linkResolver.cpp, line 774]
Event: 0.489 Thread 0x00000175a7c5d170 Exception <a 'java/io/FileNotFoundException'{0x0000000090d7e908}> (0x0000000090d7e908) 
thrown [s\open\src\hotspot\share\prims\jni.cpp, line 520]
Event: 0.495 Thread 0x00000175a7c5d170 Exception <a 'java/io/FileNotFoundException'{0x0000000090da48b8}> (0x0000000090da48b8) 
thrown [s\open\src\hotspot\share\prims\jni.cpp, line 520]
Event: 0.514 Thread 0x00000175a7bc7480 Exception <a 'java/lang/NoSuchMethodError'{0x000000009170e808}: 'void java.lang.invoke.DirectMethodHandle$Holder.invokeVirtual(java.lang.Object, java.lang.Object)'> (0x000000009170e808) 
thrown [s\open\src\hotspot\share\interpreter\linkResolver.cpp, line 774]

ZGC Phase Switch (0 events):
No events

VM Operations (20 events):
Event: 3.674 Executing VM operation: Cleanup
Event: 3.674 Executing VM operation: Cleanup done
Event: 4.048 Executing VM operation: HandshakeAllThreads (Deoptimize)
Event: 4.048 Executing VM operation: HandshakeAllThreads (Deoptimize) done
Event: 5.056 Executing VM operation: Cleanup
Event: 5.056 Executing VM operation: Cleanup done
Event: 6.067 Executing VM operation: Cleanup
Event: 6.067 Executing VM operation: Cleanup done
Event: 7.079 Executing VM operation: Cleanup
Event: 7.079 Executing VM operation: Cleanup done
Event: 8.093 Executing VM operation: Cleanup
Event: 8.093 Executing VM operation: Cleanup done
Event: 9.106 Executing VM operation: Cleanup
Event: 9.106 Executing VM operation: Cleanup done
Event: 60.115 Executing VM operation: HandshakeAllThreads (HandshakeForDeflation)
Event: 60.115 Executing VM operation: HandshakeAllThreads (HandshakeForDeflation) done
Event: 60.115 Executing VM operation: RendezvousGCThreads
Event: 60.115 Executing VM operation: RendezvousGCThreads done
Event: 285.456 Executing VM operation: Cleanup
Event: 285.456 Executing VM operation: Cleanup done

Memory protections (0 events):
No events

Nmethod flushes (0 events):
No events

Events (20 events):
Event: 0.048 Thread 0x0000017588a60ba0 Thread added: 0x00000175a76ed190
Event: 0.048 Thread 0x0000017588a60ba0 Thread added: 0x00000175a76edf50
Event: 0.048 Thread 0x0000017588a60ba0 Thread added: 0x00000175a76f1160
Event: 0.048 Thread 0x0000017588a60ba0 Thread added: 0x00000175a77158c0
Event: 0.048 Thread 0x0000017588a60ba0 Thread added: 0x00000175a771c3b0
Event: 0.048 Thread 0x0000017588a60ba0 Thread added: 0x00000175a771ce60
Event: 0.065 Thread 0x0000017588a60ba0 Thread added: 0x00000175a76b3bb0
Event: 0.089 Thread 0x00000175a771ce60 Thread added: 0x00000175a7a554d0
Event: 0.090 Thread 0x0000017588a60ba0 Thread added: 0x00000175a7a6eff0
Event: 0.163 Thread 0x0000017588a60ba0 Thread added: 0x00000175a7bb7080
Event: 0.164 Thread 0x0000017588a60ba0 Thread added: 0x00000175a7bbd340
Event: 0.164 Thread 0x0000017588a60ba0 Thread added: 0x00000175a7bc7480
Event: 0.268 Thread 0x0000017588a60ba0 Thread added: 0x00000175a7c5d170
Event: 0.268 Thread 0x0000017588a60ba0 Thread exited: 0x0000017588a60ba0
Event: 0.268 Thread 0x0000017588a60ba0 Thread added: 0x0000017588a60ba0
Event: 0.352 Thread 0x00000175a7c5d170 Thread added: 0x00000175ee8bc0c0
Event: 0.541 Thread 0x00000175a7c5d170 Thread added: 0x00000175f3417810
Event: 0.773 Thread 0x00000175a7a554d0 Thread exited: 0x00000175a7a554d0
Event: 4.197 Thread 0x00000175a7c5d170 Thread added: 0x00000175f35b9cc0
Event: 9.090 Thread 0x00000175ee8bc0c0 Thread exited: 0x00000175ee8bc0c0


Dynamic libraries:
0x00007ff670920000 - 0x00007ff670930000 	C:\Program Files\Java\jdk-22\bin\java.exe
0x00007ffab59f0000 - 0x00007ffab5c07000 	C:\WINDOWS\SYSTEM32\ntdll.dll
0x00007ffab5580000 - 0x00007ffab5644000 	C:\WINDOWS\System32\KERNEL32.DLL
0x00007ffab2d40000 - 0x00007ffab30ed000 	C:\WINDOWS\System32\KERNELBASE.dll
0x00007ffab3440000 - 0x00007ffab3551000 	C:\WINDOWS\System32\ucrtbase.dll
0x00007ffaaf990000 - 0x00007ffaaf9ab000 	C:\Program Files\Java\jdk-22\bin\VCRUNTIME140.dll
0x00007ffa9daf0000 - 0x00007ffa9db07000 	C:\Program Files\Java\jdk-22\bin\jli.dll
0x00007ffab4170000 - 0x00007ffab431e000 	C:\WINDOWS\System32\USER32.dll
0x00007ffab3410000 - 0x00007ffab3436000 	C:\WINDOWS\System32\win32u.dll
0x00007ffa952f0000 - 0x00007ffa95583000 	C:\WINDOWS\WinSxS\amd64_microsoft.windows.common-controls_6595b64144ccf1df_6.0.22621.3672_none_2713b9d173822955\COMCTL32.dll
0x00007ffab5900000 - 0x00007ffab5929000 	C:\WINDOWS\System32\GDI32.dll
0x00007ffab3560000 - 0x00007ffab3679000 	C:\WINDOWS\System32\gdi32full.dll
0x00007ffab4010000 - 0x00007ffab40b7000 	C:\WINDOWS\System32\msvcrt.dll
0x00007ffab3680000 - 0x00007ffab371a000 	C:\WINDOWS\System32\msvcp_win.dll
0x00007ffab3770000 - 0x00007ffab37a1000 	C:\WINDOWS\System32\IMM32.DLL
0x00007ffaa7f30000 - 0x00007ffaa7f3c000 	C:\Program Files\Java\jdk-22\bin\vcruntime140_1.dll
0x00007ffa76bd0000 - 0x00007ffa76c5e000 	C:\Program Files\Java\jdk-22\bin\msvcp140.dll
0x00007ffa6be00000 - 0x00007ffa6cb49000 	C:\Program Files\Java\jdk-22\bin\server\jvm.dll
0x00007ffab5680000 - 0x00007ffab5732000 	C:\WINDOWS\System32\ADVAPI32.dll
0x00007ffab3bf0000 - 0x00007ffab3c99000 	C:\WINDOWS\System32\sechost.dll
0x00007ffab2d10000 - 0x00007ffab2d38000 	C:\WINDOWS\System32\bcrypt.dll
0x00007ffab5460000 - 0x00007ffab5574000 	C:\WINDOWS\System32\RPCRT4.dll
0x00007ffab5930000 - 0x00007ffab59a1000 	C:\WINDOWS\System32\WS2_32.dll
0x00007ffab2be0000 - 0x00007ffab2c2d000 	C:\WINDOWS\SYSTEM32\POWRPROF.dll
0x00007ffaae8d0000 - 0x00007ffaae904000 	C:\WINDOWS\SYSTEM32\WINMM.dll
0x00007ffaac630000 - 0x00007ffaac63a000 	C:\WINDOWS\SYSTEM32\VERSION.dll
0x00007ffab2bc0000 - 0x00007ffab2bd3000 	C:\WINDOWS\SYSTEM32\UMPDC.dll
0x00007ffab1d20000 - 0x00007ffab1d38000 	C:\WINDOWS\SYSTEM32\kernel.appcore.dll
0x00007ffaa66e0000 - 0x00007ffaa66ea000 	C:\Program Files\Java\jdk-22\bin\jimage.dll
0x00007ffaab050000 - 0x00007ffaab282000 	C:\WINDOWS\SYSTEM32\DBGHELP.DLL
0x00007ffab4320000 - 0x00007ffab46ae000 	C:\WINDOWS\System32\combase.dll
0x00007ffab57c0000 - 0x00007ffab5897000 	C:\WINDOWS\System32\OLEAUT32.dll
0x00007ffaa6250000 - 0x00007ffaa6282000 	C:\WINDOWS\SYSTEM32\dbgcore.DLL
0x00007ffab31b0000 - 0x00007ffab322b000 	C:\WINDOWS\System32\bcryptPrimitives.dll
0x00007ffa8a2c0000 - 0x00007ffa8a2de000 	C:\Program Files\Java\jdk-22\bin\java.dll
0x00007ffab46b0000 - 0x00007ffab4f17000 	C:\WINDOWS\System32\SHELL32.dll
0x00007ffab3e60000 - 0x00007ffab4005000 	C:\WINDOWS\System32\ole32.dll
0x00007ffab0c40000 - 0x00007ffab153f000 	C:\WINDOWS\SYSTEM32\windows.storage.dll
0x00007ffab0b00000 - 0x00007ffab0c3f000 	C:\WINDOWS\SYSTEM32\wintypes.dll
0x00007ffab38b0000 - 0x00007ffab39a9000 	C:\WINDOWS\System32\SHCORE.dll
0x00007ffab5750000 - 0x00007ffab57ae000 	C:\WINDOWS\System32\shlwapi.dll
0x00007ffab2c40000 - 0x00007ffab2c67000 	C:\WINDOWS\SYSTEM32\profapi.dll
0x00007ffa75d20000 - 0x00007ffa75df7000 	C:\Program Files\Java\jdk-22\bin\jsvml.dll
0x00007ffa8c010000 - 0x00007ffa8c020000 	C:\Program Files\Java\jdk-22\bin\net.dll
0x00007ffab2190000 - 0x00007ffab21f9000 	C:\WINDOWS\system32\mswsock.dll
0x00007ffa87f60000 - 0x00007ffa87f76000 	C:\Program Files\Java\jdk-22\bin\nio.dll
0x00007ffa87e00000 - 0x00007ffa87e17000 	C:\Program Files\Java\jdk-22\bin\zip.dll
0x00007ffa6f9e0000 - 0x00007ffa6fb6e000 	C:\Program Files\Java\jdk-22\bin\awt.dll
0x00007ffaae610000 - 0x00007ffaae6a7000 	C:\WINDOWS\SYSTEM32\apphelp.dll
0x00007ffab0220000 - 0x00007ffab02d1000 	C:\WINDOWS\system32\uxtheme.dll
0x00007ffab3a90000 - 0x00007ffab3bee000 	C:\WINDOWS\System32\MSCTF.dll
0x00007ffab0490000 - 0x00007ffab04bb000 	C:\WINDOWS\system32\DWMAPI.DLL
0x00007ffa75590000 - 0x00007ffa75617000 	C:\Program Files\Java\jdk-22\bin\freetype.dll
0x00007ffa6f800000 - 0x00007ffa6f8d7000 	C:\Program Files\Java\jdk-22\bin\fontmanager.dll
0x00007ffa6f8e0000 - 0x00007ffa6f9e0000 	C:\WINDOWS\system32\opengl32.dll
0x00007ffa87480000 - 0x00007ffa874ad000 	C:\WINDOWS\SYSTEM32\GLU32.dll
0x00007ffab0340000 - 0x00007ffab0377000 	C:\WINDOWS\SYSTEM32\dxcore.dll
0x00007ffa77780000 - 0x00007ffa77928000 	C:\WINDOWS\system32\d3d9.dll
0x00007ffaa9580000 - 0x00007ffaa973b000 	C:\WINDOWS\System32\DriverStore\FileRepository\u0382224.inf_amd64_c734d32d6997cdb7\B380779\aticfx64.dll
0x00007ffa85a10000 - 0x00007ffa85a44000 	C:\WINDOWS\System32\DriverStore\FileRepository\u0382224.inf_amd64_c734d32d6997cdb7\B380779\atiu9p64.dll
0x00007ffa09be0000 - 0x00007ffa0a935000 	C:\WINDOWS\System32\DriverStore\FileRepository\u0382224.inf_amd64_c734d32d6997cdb7\B380779\atiumd64.dll
0x0000000053140000 - 0x0000000054066000 	C:\WINDOWS\System32\DriverStore\FileRepository\u0382224.inf_amd64_c734d32d6997cdb7\B380779\atiumd6a.dll
0x00007ffab4fd0000 - 0x00007ffab5444000 	C:\WINDOWS\System32\SETUPAPI.dll
0x00007ffaa8c90000 - 0x00007ffaa8cc5000 	C:\WINDOWS\SYSTEM32\amdihk64.dll
0x00007ffaaae90000 - 0x00007ffaaaed9000 	C:\WINDOWS\SYSTEM32\directxdatabasehelper.dll
0x00007ffaa81a0000 - 0x00007ffaa81ce000 	C:\Program Files\Java\jdk-22\bin\javajpeg.dll
0x00007ffa96730000 - 0x00007ffa96873000 	C:\WINDOWS\SYSTEM32\textinputframework.dll
0x00007ffaae0d0000 - 0x00007ffaae203000 	C:\WINDOWS\SYSTEM32\CoreMessaging.dll
0x00007ffaaa700000 - 0x00007ffaaaa6d000 	C:\WINDOWS\SYSTEM32\CoreUIComponents.dll
0x00007ffab23b0000 - 0x00007ffab23bc000 	C:\WINDOWS\SYSTEM32\CRYPTBASE.DLL
0x00007ffab40c0000 - 0x00007ffab4170000 	C:\WINDOWS\System32\clbcatq.dll
0x00007ffab0020000 - 0x00007ffab01d1000 	C:\WINDOWS\SYSTEM32\WindowsCodecs.dll
0x00007ffaaea00000 - 0x00007ffaaea5e000 	C:\WINDOWS\system32\dataexchange.dll
0x00007ffaac250000 - 0x00007ffaac4da000 	C:\WINDOWS\system32\twinapi.appcore.dll

dbghelp: loaded successfully - version: 4.0.5 - missing functions: none
symbol engine: initialized successfully - sym options: 0x614 - pdb path: .;C:\Program Files\Java\jdk-22\bin;C:\WINDOWS\SYSTEM32;C:\WINDOWS\WinSxS\amd64_microsoft.windows.common-controls_6595b64144ccf1df_6.0.22621.3672_none_2713b9d173822955;C:\Program Files\Java\jdk-22\bin\server;C:\WINDOWS\System32\DriverStore\FileRepository\u0382224.inf_amd64_c734d32d6997cdb7\B380779

VM Arguments:
jvm_args: -Dfile.encoding=UTF-8 --module-path=C:\Users\shashi prakash tiwar\OneDrive\Documents\NetBeansProjects\Hospital Management\build\classes 
java_command: home
java_class_path (initial): C:\Users\shashi prakash tiwar\OneDrive\Documents\NetBeansProjects\Hospital Management\lib\absolutelayout\AbsoluteLayout.jar;C:\Users\shashi prakash tiwar\Downloads\mysql-connector-j-9.0.0\mysql-connector-j-9.0.0\mysql-connector-j-9.0.0.jar;C:\Users\shashi prakash tiwar\Downloads\rs2xml.jar;C:\Users\shashi prakash tiwar\OneDrive\Documents\NetBeansProjects\Hospital Management\build\classes
Launcher Type: SUN_STANDARD

[Global flags]
     intx CICompilerCount                          = 4                                         {product} {ergonomic}
     uint ConcGCThreads                            = 3                                         {product} {ergonomic}
     uint G1ConcRefinementThreads                  = 10                                        {product} {ergonomic}
   size_t G1HeapRegionSize                         = 1048576                                   {product} {ergonomic}
   size_t InitialHeapSize                          = 123731968                                 {product} {ergonomic}
   size_t MarkStackSize                            = 4194304                                   {product} {ergonomic}
   size_t MaxHeapSize                              = 1973420032                                {product} {ergonomic}
   size_t MaxNewSize                               = 1183842304                                {product} {ergonomic}
   size_t MinHeapDeltaBytes                        = 1048576                                   {product} {ergonomic}
   size_t MinHeapSize                              = 8388608                                   {product} {ergonomic}
    uintx NonNMethodCodeHeapSize                   = 5839372                                {pd product} {ergonomic}
    uintx NonProfiledCodeHeapSize                  = 122909434                              {pd product} {ergonomic}
    uintx ProfiledCodeHeapSize                     = 122909434                              {pd product} {ergonomic}
    uintx ReservedCodeCacheSize                    = 251658240                              {pd product} {ergonomic}
     bool SegmentedCodeCache                       = true                                      {product} {ergonomic}
   size_t SoftMaxHeapSize                          = 1973420032                             {manageable} {ergonomic}
     bool UseCompressedOops                        = true                           {product lp64_product} {ergonomic}
     bool UseG1GC                                  = true                                      {product} {ergonomic}
     bool UseLargePagesIndividualAllocation        = false                                  {pd product} {ergonomic}

Logging:
Log output configuration:
 #0: stdout all=warning uptime,level,tags foldmultilines=false
 #1: stderr all=off uptime,level,tags foldmultilines=false

Environment Variables:
PATH=C:\Program Files\Common Files\Oracle\Java\javapath;C:\windows\system32;C:\windows;C:\windows\System32\Wbem;C:\windows\System32\WindowsPowerShell\v1.0\;C:\windows\System32\OpenSSH\;C:\Program Files (x86)\NVIDIA Corporation\PhysX\Common;C:\Program Files\NVIDIA Corporation\NVIDIA NvDLISR;C:\MinGW\bin;C:\WINDOWS\system32;C:\WINDOWS;C:\WINDOWS\System32\Wbem;C:\WINDOWS\System32\WindowsPowerShell\v1.0\;C:\WINDOWS\System32\OpenSSH\;C:\Program Files\Java\jdk1.8.0_131\bin;C:\Program Files\Git\cmd;C:\Program Files\Java\jdk-22\bin;C:\Users\shashi prakash tiwar\AppData\Local\Programs\Python\Python311\Scripts\;C:\Users\shashi prakash tiwar\AppData\Local\Programs\Python\Python311\;C:\Users\shashi prakash tiwar\AppData\Local\Microsoft\WindowsApps;C:\Users\shashi prakash tiwar\AppData\Local\Programs\Microsoft VS Code\bin;C:\Program Files\JetBrains\PyCharm 2022.2.2\bin;;C:\MinGW\bin;%JAVA_HOME%bin;C:\Program Files\Java\jdk1.8.0_131\bin;C:\Users\shashi prakash tiwar\AppData\Local\GitHubDesktop\bin;C:\ProgramData\shashi prakash tiwar\GitHubDesktop\bin;C:\Program Files\JetBrains\IntelliJ IDEA Community Edition 2024.1.4\bin;
USERNAME=shashi prakash tiwar
OS=Windows_NT
PROCESSOR_IDENTIFIER=AMD64 Family 25 Model 80 Stepping 0, AuthenticAMD
TMP=C:\Users\SHASHI~1\AppData\Local\Temp
TEMP=C:\Users\SHASHI~1\AppData\Local\Temp




Periodic native trim disabled

---------------  S Y S T E M  ---------------

OS:
 Windows 11 , 64 bit Build 22621 (10.0.22621.3958)
OS uptime: 6 days 13:31 hours
Hyper-V role detected

CPU: total 12 (initial active 12) (12 cores per cpu, 2 threads per core) family 25 model 80 stepping 0 microcode 0x0, cx8, cmov, fxsr, ht, mmx, 3dnowpref, sse, sse2, sse3, ssse3, sse4a, sse4.1, sse4.2, popcnt, lzcnt, tsc, tscinvbit, avx, avx2, aes, erms, clmul, bmi1, bmi2, adx, sha, fma, vzeroupper, clflush, clflushopt, hv, rdtscp, rdpid, fsrm, f16c, cet_ss
Processor Information for all 12 processors :
  Max Mhz: 3301, Current Mhz: 3301, Mhz Limit: 3301

Memory: 4k page, system-wide physical 7521M (6M free)
TotalPageFile size 31073M (AvailPageFile size 0M)
current process WorkingSet (physical memory assigned to process): 57M, peak: 178M
current process commit charge ("private bytes"): 312M, peak: 332M

vm_info: Java HotSpot(TM) 64-Bit Server VM (22.0.2+9-70) for windows-amd64 JRE (22.0.2+9-70), built on 2024-06-04T16:52:23Z by "mach5one" with MS VC++ 17.6 (VS2022)

END.
