#
# There is insufficient memory for the Java Runtime Environment to continue.
# Native memory allocation (mmap) failed to map 123731968 bytes. Error detail: G1 virtual space
# Possible reasons:
#   The system is out of physical RAM or swap space
#   This process is running with CompressedOops enabled, and the Java Heap may be blocking the growth of the native heap
# Possible solutions:
#   Reduce memory load on the system
#   Increase physical memory or swap space
#   Check if swap backing store is full
#   Decrease Java heap size (-Xmx/-Xms)
#   Decrease number of Java threads
#   Decrease Java thread stack sizes (-Xss)
#   Set larger code cache with -XX:ReservedCodeCacheSize=
#   JVM is running with Unscaled Compressed Oops mode in which the Java heap is
#     placed in the first 4GB address space. The Java Heap base address is the
#     maximum limit for the native heap growth. Please use -XX:HeapBaseMinAddress
#     to set the Java Heap base and to place the Java Heap above 4GB virtual address.
# This output file may be truncated or incomplete.
#
#  Out of Memory Error (os_windows.cpp:3631), pid=24552, tid=19772
#
# JRE version:  (22.0.2+9) (build )
# Java VM: Java HotSpot(TM) 64-Bit Server VM (22.0.2+9-70, mixed mode, sharing, tiered, compressed oops, compressed class ptrs, g1 gc, windows-amd64)
# No core dump will be written. Minidumps are not enabled by default on client versions of Windows
#

---------------  S U M M A R Y ------------

Command Line: -Dfile.encoding=UTF-8 --module-path=C:\Users\shashi prakash tiwar\OneDrive\Documents\NetBeansProjects\Hospital Management\build\classes hospital.management.HospitalManagement

Host: AMD Ryzen 5 5600H with Radeon Graphics         , 12 cores, 7G,  Windows 11 , 64 bit Build 22621 (10.0.22621.3958)
Time: Thu Sep  5 14:59:42 2024 India Standard Time elapsed time: 0.011045 seconds (0d 0h 0m 0s)

---------------  T H R E A D  ---------------

Current thread (0x0000026474471930):  JavaThread "Unknown thread" [_thread_in_vm, id=19772, stack(0x000000ceec200000,0x000000ceec300000) (1024K)]

Stack: [0x000000ceec200000,0x000000ceec300000]
Native frames: (J=compiled Java code, j=interpreted, Vv=VM code, C=native code)
V  [jvm.dll+0x6e26e9]  (no source info available)
V  [jvm.dll+0x875753]  (no source info available)
V  [jvm.dll+0x877b7e]  (no source info available)
V  [jvm.dll+0x878253]  (no source info available)
V  [jvm.dll+0x27fc86]  (no source info available)
V  [jvm.dll+0x6ded85]  (no source info available)
V  [jvm.dll+0x6d388a]  (no source info available)
V  [jvm.dll+0x358b8a]  (no source info available)
V  [jvm.dll+0x3610b6]  (no source info available)
V  [jvm.dll+0x3b419e]  (no source info available)
V  [jvm.dll+0x3b4448]  (no source info available)
V  [jvm.dll+0x32c5ec]  (no source info available)
V  [jvm.dll+0x32d258]  (no source info available)
V  [jvm.dll+0x83d5ac]  (no source info available)
V  [jvm.dll+0x3c10d1]  (no source info available)
V  [jvm.dll+0x8264cc]  (no source info available)
V  [jvm.dll+0x45bd5e]  (no source info available)
V  [jvm.dll+0x45dbe1]  (no source info available)
C  [jli.dll+0x52a3]  (no source info available)
C  [ucrtbase.dll+0x29333]  (no source info available)
C  [KERNEL32.DLL+0x1257d]  (no source info available)
C  [ntdll.dll+0x5af28]  (no source info available)


---------------  P R O C E S S  ---------------

Threads class SMR info:
_java_thread_list=0x00007ff933aec1c8, length=0, elements={
}

Java Threads: ( => current thread )
Total: 0

Other Threads:
  0x00000264766ddff0 WorkerThread "GC Thread#0"                     [id=1244, stack(0x000000ceec300000,0x000000ceec400000) (1024K)]
  0x00000264766eece0 ConcurrentGCThread "G1 Main Marker"            [id=22744, stack(0x000000ceec400000,0x000000ceec500000) (1024K)]
  0x00000264766eff90 WorkerThread "G1 Conc#0"                       [id=23020, stack(0x000000ceec500000,0x000000ceec600000) (1024K)]

[error occurred during error reporting (printing all threads), id 0xc0000005, EXCEPTION_ACCESS_VIOLATION (0xc0000005) at pc=0x00007ff93323f517]
VM state: not at safepoint (not fully initialized)

VM Mutex/Monitor currently owned by a thread:  ([mutex/lock_event])
[0x00007ff933b6cc80] Heap_lock - owner thread: 0x0000026474471930

Heap address: 0x000000008a600000, size: 1882 MB, Compressed Oops mode: 32-bit

CDS archive(s) mapped at: [0x0000000000000000-0x0000000000000000-0x0000000000000000), size 0, SharedBaseAddress: 0x0000000800000000, ArchiveRelocationMode: 1.
Narrow klass base: 0x0000000000000000, Narrow klass shift: 0, Narrow klass range: 0x0

GC Precious Log:
 CardTable entry size: 512
 Card Set container configuration: InlinePtr #cards 5 size 8 Array Of Cards #cards 12 size 40 Howl #buckets 4 coarsen threshold 1843 Howl Bitmap #cards 512 size 80 coarsen threshold 460 Card regions per heap region 1 cards per card region 2048

Heap:
 garbage-first heap   total reserved 1927168K, committed 0K, used 0K [0x000000008a600000, 0x0000000100000000)
  region size 1024K, 0 young (0K), 0 survivors (0K)

[error occurred during error reporting (printing heap information), id 0xc0000005, EXCEPTION_ACCESS_VIOLATION (0xc0000005) at pc=0x00007ff93363e869]
GC Heap History (0 events):
No events

Dll operation events (1 events):
Event: 0.007 Loaded shared library C:\Program Files\Java\jdk-22\bin\java.dll

Deoptimization events (0 events):
No events

Classes loaded (0 events):
No events

Classes unloaded (0 events):
No events

Classes redefined (0 events):
No events

Internal exceptions (0 events):
No events

ZGC Phase Switch (0 events):
No events

VM Operations (0 events):
No events

Memory protections (0 events):
No events

Nmethod flushes (0 events):
No events

Events (0 events):
No events


Dynamic libraries:
0x00007ff6cb5b0000 - 0x00007ff6cb5c0000 	C:\Program Files\Java\jdk-22\bin\java.exe
0x00007ff9a7730000 - 0x00007ff9a7947000 	C:\WINDOWS\SYSTEM32\ntdll.dll
0x00007ff9a6210000 - 0x00007ff9a62d4000 	C:\WINDOWS\System32\KERNEL32.DLL
0x00007ff9a4cb0000 - 0x00007ff9a505d000 	C:\WINDOWS\System32\KERNELBASE.dll
0x00007ff9a51d0000 - 0x00007ff9a52e1000 	C:\WINDOWS\System32\ucrtbase.dll
0x00007ff98a1a0000 - 0x00007ff98a1bb000 	C:\Program Files\Java\jdk-22\bin\VCRUNTIME140.dll
0x00007ff982b20000 - 0x00007ff982b37000 	C:\Program Files\Java\jdk-22\bin\jli.dll
0x00007ff9a5f30000 - 0x00007ff9a60de000 	C:\WINDOWS\System32\USER32.dll
0x00007ff9a5370000 - 0x00007ff9a5396000 	C:\WINDOWS\System32\win32u.dll
0x00007ff98e460000 - 0x00007ff98e6f3000 	C:\WINDOWS\WinSxS\amd64_microsoft.windows.common-controls_6595b64144ccf1df_6.0.22621.3672_none_2713b9d173822955\COMCTL32.dll
0x00007ff9a6520000 - 0x00007ff9a6549000 	C:\WINDOWS\System32\GDI32.dll
0x00007ff9a6160000 - 0x00007ff9a6207000 	C:\WINDOWS\System32\msvcrt.dll
0x00007ff9a4a80000 - 0x00007ff9a4b99000 	C:\WINDOWS\System32\gdi32full.dll
0x00007ff9a4ba0000 - 0x00007ff9a4c3a000 	C:\WINDOWS\System32\msvcp_win.dll
0x00007ff9a5ef0000 - 0x00007ff9a5f21000 	C:\WINDOWS\System32\IMM32.DLL
0x00007ff99fb60000 - 0x00007ff99fb6c000 	C:\Program Files\Java\jdk-22\bin\vcruntime140_1.dll
0x00007ff963db0000 - 0x00007ff963e3e000 	C:\Program Files\Java\jdk-22\bin\msvcp140.dll
0x00007ff932f00000 - 0x00007ff933c49000 	C:\Program Files\Java\jdk-22\bin\server\jvm.dll
0x00007ff9a7620000 - 0x00007ff9a76d2000 	C:\WINDOWS\System32\ADVAPI32.dll
0x00007ff9a7570000 - 0x00007ff9a7619000 	C:\WINDOWS\System32\sechost.dll
0x00007ff9a4a50000 - 0x00007ff9a4a78000 	C:\WINDOWS\System32\bcrypt.dll
0x00007ff9a5780000 - 0x00007ff9a5894000 	C:\WINDOWS\System32\RPCRT4.dll
0x00007ff9a5a70000 - 0x00007ff9a5ae1000 	C:\WINDOWS\System32\WS2_32.dll
0x00007ff9a4920000 - 0x00007ff9a496d000 	C:\WINDOWS\SYSTEM32\POWRPROF.dll
0x00007ff99ccf0000 - 0x00007ff99ccfa000 	C:\WINDOWS\SYSTEM32\VERSION.dll
0x00007ff99f160000 - 0x00007ff99f194000 	C:\WINDOWS\SYSTEM32\WINMM.dll
0x00007ff9a4900000 - 0x00007ff9a4913000 	C:\WINDOWS\SYSTEM32\UMPDC.dll
0x00007ff9a3a60000 - 0x00007ff9a3a78000 	C:\WINDOWS\SYSTEM32\kernel.appcore.dll
0x00007ff99fa30000 - 0x00007ff99fa3a000 	C:\Program Files\Java\jdk-22\bin\jimage.dll
0x00007ff99b790000 - 0x00007ff99b9c2000 	C:\WINDOWS\SYSTEM32\DBGHELP.DLL
0x00007ff9a5b00000 - 0x00007ff9a5e8e000 	C:\WINDOWS\System32\combase.dll
0x00007ff9a6340000 - 0x00007ff9a6417000 	C:\WINDOWS\System32\OLEAUT32.dll
0x00007ff985190000 - 0x00007ff9851c2000 	C:\WINDOWS\SYSTEM32\dbgcore.DLL
0x00007ff9a52f0000 - 0x00007ff9a536b000 	C:\WINDOWS\System32\bcryptPrimitives.dll
0x00007ff98a180000 - 0x00007ff98a19e000 	C:\Program Files\Java\jdk-22\bin\java.dll
0x00007ff9a6d00000 - 0x00007ff9a7567000 	C:\WINDOWS\System32\SHELL32.dll
0x00007ff9a6b30000 - 0x00007ff9a6cd5000 	C:\WINDOWS\System32\ole32.dll

dbghelp: loaded successfully - version: 4.0.5 - missing functions: none
symbol engine: initialized successfully - sym options: 0x614 - pdb path: .;C:\Program Files\Java\jdk-22\bin;C:\WINDOWS\SYSTEM32;C:\WINDOWS\WinSxS\amd64_microsoft.windows.common-controls_6595b64144ccf1df_6.0.22621.3672_none_2713b9d173822955;C:\Program Files\Java\jdk-22\bin\server

VM Arguments:
jvm_args: -Dfile.encoding=UTF-8 --module-path=C:\Users\shashi prakash tiwar\OneDrive\Documents\NetBeansProjects\Hospital Management\build\classes 
java_command: hospital.management.HospitalManagement
java_class_path (initial): C:\Users\shashi prakash tiwar\OneDrive\Documents\NetBeansProjects\Hospital Management\lib\absolutelayout\AbsoluteLayout.jar;C:\Users\shashi prakash tiwar\Downloads\mysql-connector-j-9.0.0\mysql-connector-j-9.0.0\mysql-connector-j-9.0.0.jar;C:\Users\shashi prakash tiwar\Downloads\rs2xml.jar;C:\Users\shashi prakash tiwar\OneDrive\Documents\NetBeansProjects\Hospital Management\build\classes
Launcher Type: SUN_STANDARD

[Global flags]
     intx CICompilerCount                          = 4                                         {product} {ergonomic}
     uint ConcGCThreads                            = 3                                         {product} {ergonomic}
     uint G1ConcRefinementThreads                  = 10                                        {product} {ergonomic}
   size_t G1HeapRegionSize                         = 1048576                                   {product} {ergonomic}
   size_t InitialHeapSize                          = 123731968                                 {product} {ergonomic}
   size_t MarkStackSize                            = 4194304                                   {product} {ergonomic}
   size_t MaxHeapSize                              = 1973420032                                {product} {ergonomic}
   size_t MinHeapDeltaBytes                        = 1048576                                   {product} {ergonomic}
   size_t MinHeapSize                              = 8388608                                   {product} {ergonomic}
    uintx NonNMethodCodeHeapSize                   = 5839372                                {pd product} {ergonomic}
    uintx NonProfiledCodeHeapSize                  = 122909434                              {pd product} {ergonomic}
    uintx ProfiledCodeHeapSize                     = 122909434                              {pd product} {ergonomic}
    uintx ReservedCodeCacheSize                    = 251658240                              {pd product} {ergonomic}
     bool SegmentedCodeCache                       = true                                      {product} {ergonomic}
   size_t SoftMaxHeapSize                          = 1973420032                             {manageable} {ergonomic}
     bool UseCompressedOops                        = true                           {product lp64_product} {ergonomic}
     bool UseG1GC                                  = true                                      {product} {ergonomic}
     bool UseLargePagesIndividualAllocation        = false                                  {pd product} {ergonomic}

Logging:
Log output configuration:
 #0: stdout all=warning uptime,level,tags foldmultilines=false
 #1: stderr all=off uptime,level,tags foldmultilines=false

Environment Variables:
PATH=C:\Program Files\Common Files\Oracle\Java\javapath;C:\windows\system32;C:\windows;C:\windows\System32\Wbem;C:\windows\System32\WindowsPowerShell\v1.0\;C:\windows\System32\OpenSSH\;C:\Program Files (x86)\NVIDIA Corporation\PhysX\Common;C:\Program Files\NVIDIA Corporation\NVIDIA NvDLISR;C:\MinGW\bin;C:\WINDOWS\system32;C:\WINDOWS;C:\WINDOWS\System32\Wbem;C:\WINDOWS\System32\WindowsPowerShell\v1.0\;C:\WINDOWS\System32\OpenSSH\;C:\Program Files\Java\jdk1.8.0_131\bin;C:\Program Files\Git\cmd;C:\Program Files\Java\jdk-22\bin;C:\Users\shashi prakash tiwar\AppData\Local\Programs\Python\Python311\Scripts\;C:\Users\shashi prakash tiwar\AppData\Local\Programs\Python\Python311\;C:\Users\shashi prakash tiwar\AppData\Local\Microsoft\WindowsApps;C:\Users\shashi prakash tiwar\AppData\Local\Programs\Microsoft VS Code\bin;C:\Program Files\JetBrains\PyCharm 2022.2.2\bin;;C:\MinGW\bin;%JAVA_HOME%bin;C:\Program Files\Java\jdk1.8.0_131\bin;C:\Users\shashi prakash tiwar\AppData\Local\GitHubDesktop\bin;C:\ProgramData\shashi prakash tiwar\GitHubDesktop\bin;C:\Program Files\JetBrains\IntelliJ IDEA Community Edition 2024.1.4\bin;
USERNAME=shashi prakash tiwar
OS=Windows_NT
PROCESSOR_IDENTIFIER=AMD64 Family 25 Model 80 Stepping 0, AuthenticAMD
TMP=C:\Users\SHASHI~1\AppData\Local\Temp
TEMP=C:\Users\SHASHI~1\AppData\Local\Temp




Periodic native trim disabled

---------------  S Y S T E M  ---------------

OS:
 Windows 11 , 64 bit Build 22621 (10.0.22621.3958)
OS uptime: 1 days 2:29 hours
Hyper-V role detected

CPU: total 12 (initial active 12) (12 cores per cpu, 2 threads per core) family 25 model 80 stepping 0 microcode 0x0, cx8, cmov, fxsr, ht, mmx, 3dnowpref, sse, sse2, sse3, ssse3, sse4a, sse4.1, sse4.2, popcnt, lzcnt, tsc, tscinvbit, avx, avx2, aes, erms, clmul, bmi1, bmi2, adx, sha, fma, vzeroupper, clflush, clflushopt, hv, rdtscp, rdpid, fsrm, f16c, cet_ss
Processor Information for all 12 processors :
  Max Mhz: 3301, Current Mhz: 3301, Mhz Limit: 3301

Memory: 4k page, system-wide physical 7521M (1389M free)
TotalPageFile size 8033M (AvailPageFile size 114M)
current process WorkingSet (physical memory assigned to process): 12M, peak: 12M
current process commit charge ("private bytes"): 64M, peak: 182M

vm_info: Java HotSpot(TM) 64-Bit Server VM (22.0.2+9-70) for windows-amd64 JRE (22.0.2+9-70), built on 2024-06-04T16:52:23Z by "mach5one" with MS VC++ 17.6 (VS2022)

END.
